Started GET "/" for ::1 at 2021-11-18 14:04:47 -0300
  [1m[35m (1.2ms)[0m  [1m[34mSELECT sqlite_version(*)[0m
Processing by Rails::WelcomeController#index as HTML
  Rendering /home/mariab/.rbenv/versions/2.7.2/lib/ruby/gems/2.7.0/gems/railties-6.1.4.1/lib/rails/templates/rails/welcome/index.html.erb
  Rendered /home/mariab/.rbenv/versions/2.7.2/lib/ruby/gems/2.7.0/gems/railties-6.1.4.1/lib/rails/templates/rails/welcome/index.html.erb (Duration: 32.1ms | Allocations: 399)
Completed 200 OK in 44ms (Views: 36.6ms | ActiveRecord: 0.0ms | Allocations: 3400)


Started GET "/favicon.ico" for ::1 at 2021-11-18 14:04:49 -0300
  
ActionController::RoutingError (No route matches [GET] "/favicon.ico"):
  
  [1m[35m (0.3ms)[0m  [1m[34mSELECT sqlite_version(*)[0m
  [1m[35m (135.5ms)[0m  [1m[35mCREATE TABLE "schema_migrations" ("version" varchar NOT NULL PRIMARY KEY)[0m
  [1m[35m (173.5ms)[0m  [1m[35mCREATE TABLE "ar_internal_metadata" ("key" varchar NOT NULL PRIMARY KEY, "value" varchar, "created_at" datetime(6) NOT NULL, "updated_at" datetime(6) NOT NULL)[0m
  [1m[35m (0.2ms)[0m  [1m[34mSELECT "schema_migrations"."version" FROM "schema_migrations" ORDER BY "schema_migrations"."version" ASC[0m
Migrating to CreateTodos (20211118170543)
  [1m[36mTRANSACTION (0.1ms)[0m  [1m[36mbegin transaction[0m
  [1m[35m (0.6ms)[0m  [1m[35mCREATE TABLE "todos" ("id" integer PRIMARY KEY AUTOINCREMENT NOT NULL, "task" text, "created_at" datetime(6) NOT NULL, "updated_at" datetime(6) NOT NULL)[0m
  [1m[36mActiveRecord::SchemaMigration Create (0.3ms)[0m  [1m[32mINSERT INTO "schema_migrations" ("version") VALUES (?)[0m  [["version", "20211118170543"]]
  [1m[36mTRANSACTION (183.0ms)[0m  [1m[36mcommit transaction[0m
  [1m[36mActiveRecord::InternalMetadata Load (0.5ms)[0m  [1m[34mSELECT "ar_internal_metadata".* FROM "ar_internal_metadata" WHERE "ar_internal_metadata"."key" = ? LIMIT ?[0m  [["key", "environment"], ["LIMIT", 1]]
  [1m[36mTRANSACTION (0.2ms)[0m  [1m[36mbegin transaction[0m
  [1m[36mActiveRecord::InternalMetadata Create (0.9ms)[0m  [1m[32mINSERT INTO "ar_internal_metadata" ("key", "value", "created_at", "updated_at") VALUES (?, ?, ?, ?)[0m  [["key", "environment"], ["value", "development"], ["created_at", "2021-11-18 17:06:20.102609"], ["updated_at", "2021-11-18 17:06:20.102609"]]
  [1m[36mTRANSACTION (376.7ms)[0m  [1m[36mcommit transaction[0m
  [1m[35m (0.7ms)[0m  [1m[34mSELECT sqlite_version(*)[0m
  [1m[35m (0.3ms)[0m  [1m[34mSELECT "schema_migrations"."version" FROM "schema_migrations" ORDER BY "schema_migrations"."version" ASC[0m
Started GET "/" for ::1 at 2021-11-18 14:06:41 -0300
  [1m[35m (1.2ms)[0m  [1m[34mSELECT sqlite_version(*)[0m
  [1m[35m (0.1ms)[0m  [1m[34mSELECT "schema_migrations"."version" FROM "schema_migrations" ORDER BY "schema_migrations"."version" ASC[0m
Processing by Rails::WelcomeController#index as HTML
  Rendering /home/mariab/.rbenv/versions/2.7.2/lib/ruby/gems/2.7.0/gems/railties-6.1.4.1/lib/rails/templates/rails/welcome/index.html.erb
  Rendered /home/mariab/.rbenv/versions/2.7.2/lib/ruby/gems/2.7.0/gems/railties-6.1.4.1/lib/rails/templates/rails/welcome/index.html.erb (Duration: 5.1ms | Allocations: 293)
Completed 200 OK in 11ms (Views: 7.1ms | ActiveRecord: 0.0ms | Allocations: 2273)


Started GET "/todos" for ::1 at 2021-11-18 14:07:04 -0300
Processing by TodosController#index as HTML
  [1m[36mTodo Load (0.2ms)[0m  [1m[34mSELECT "todos".* FROM "todos"[0m
  ↳ app/controllers/todos_controller.rb:8:in `index'
Completed 200 OK in 49ms (Views: 1.4ms | ActiveRecord: 0.2ms | Allocations: 998)


  [1m[35m (0.5ms)[0m  [1m[34mSELECT sqlite_version(*)[0m
  [1m[36mTRANSACTION (0.1ms)[0m  [1m[36mbegin transaction[0m
  [1m[36mTodo Create (0.4ms)[0m  [1m[32mINSERT INTO "todos" ("task", "created_at", "updated_at") VALUES (?, ?, ?)[0m  [["task", "We made this from the rails console"], ["created_at", "2021-11-18 17:08:11.664570"], ["updated_at", "2021-11-18 17:08:11.664570"]]
  [1m[36mTRANSACTION (150.6ms)[0m  [1m[36mcommit transaction[0m
Started GET "/todos" for ::1 at 2021-11-18 14:08:36 -0300
  [1m[35m (0.4ms)[0m  [1m[34mSELECT sqlite_version(*)[0m
  [1m[35m (0.1ms)[0m  [1m[34mSELECT "schema_migrations"."version" FROM "schema_migrations" ORDER BY "schema_migrations"."version" ASC[0m
Processing by TodosController#index as HTML
  [1m[36mTodo Load (0.2ms)[0m  [1m[34mSELECT "todos".* FROM "todos"[0m
  ↳ app/controllers/todos_controller.rb:8:in `index'
Completed 200 OK in 9ms (Views: 4.8ms | ActiveRecord: 0.6ms | Allocations: 5332)


  [1m[35m (0.4ms)[0m  [1m[34mSELECT sqlite_version(*)[0m
  [1m[35m (0.1ms)[0m  [1m[34mSELECT "schema_migrations"."version" FROM "schema_migrations" ORDER BY "schema_migrations"."version" ASC[0m
  [1m[35m (0.1ms)[0m  [1m[34mSELECT sqlite_version(*)[0m
  [1m[36mTRANSACTION (0.1ms)[0m  [1m[36mbegin transaction[0m
  [1m[36mTodo Create (0.3ms)[0m  [1m[32mINSERT INTO "todos" ("task", "created_at", "updated_at") VALUES (?, ?, ?)[0m  [["task", "This is a seeded, default task"], ["created_at", "2021-11-18 17:12:07.361917"], ["updated_at", "2021-11-18 17:12:07.361917"]]
  [1m[36mTRANSACTION (520.6ms)[0m  [1m[36mcommit transaction[0m
  [1m[36mTRANSACTION (0.2ms)[0m  [1m[36mbegin transaction[0m
  [1m[36mTodo Create (0.9ms)[0m  [1m[32mINSERT INTO "todos" ("task", "created_at", "updated_at") VALUES (?, ?, ?)[0m  [["task", "This is a seeded, default task"], ["created_at", "2021-11-18 17:12:07.888751"], ["updated_at", "2021-11-18 17:12:07.888751"]]
  [1m[36mTRANSACTION (108.0ms)[0m  [1m[36mcommit transaction[0m
  [1m[36mTRANSACTION (0.1ms)[0m  [1m[36mbegin transaction[0m
  [1m[36mTodo Create (0.4ms)[0m  [1m[32mINSERT INTO "todos" ("task", "created_at", "updated_at") VALUES (?, ?, ?)[0m  [["task", "This is a seeded, default task"], ["created_at", "2021-11-18 17:12:08.007897"], ["updated_at", "2021-11-18 17:12:08.007897"]]
  [1m[36mTRANSACTION (102.3ms)[0m  [1m[36mcommit transaction[0m
  [1m[36mTRANSACTION (0.0ms)[0m  [1m[36mbegin transaction[0m
  [1m[36mTodo Create (0.2ms)[0m  [1m[32mINSERT INTO "todos" ("task", "created_at", "updated_at") VALUES (?, ?, ?)[0m  [["task", "This is a seeded, default task"], ["created_at", "2021-11-18 17:12:08.116076"], ["updated_at", "2021-11-18 17:12:08.116076"]]
  [1m[36mTRANSACTION (107.0ms)[0m  [1m[36mcommit transaction[0m
  [1m[36mTRANSACTION (0.1ms)[0m  [1m[36mbegin transaction[0m
  [1m[36mTodo Create (0.6ms)[0m  [1m[32mINSERT INTO "todos" ("task", "created_at", "updated_at") VALUES (?, ?, ?)[0m  [["task", "This is a seeded, default task"], ["created_at", "2021-11-18 17:12:08.228016"], ["updated_at", "2021-11-18 17:12:08.228016"]]
  [1m[36mTRANSACTION (330.8ms)[0m  [1m[36mcommit transaction[0m
  [1m[36mTRANSACTION (0.2ms)[0m  [1m[36mbegin transaction[0m
  [1m[36mTodo Create (0.9ms)[0m  [1m[32mINSERT INTO "todos" ("task", "created_at", "updated_at") VALUES (?, ?, ?)[0m  [["task", "This is a seeded, default task"], ["created_at", "2021-11-18 17:12:08.569692"], ["updated_at", "2021-11-18 17:12:08.569692"]]
  [1m[36mTRANSACTION (156.6ms)[0m  [1m[36mcommit transaction[0m
  [1m[36mTRANSACTION (0.1ms)[0m  [1m[36mbegin transaction[0m
  [1m[36mTodo Create (0.2ms)[0m  [1m[32mINSERT INTO "todos" ("task", "created_at", "updated_at") VALUES (?, ?, ?)[0m  [["task", "This is a seeded, default task"], ["created_at", "2021-11-18 17:12:08.736806"], ["updated_at", "2021-11-18 17:12:08.736806"]]
  [1m[36mTRANSACTION (102.8ms)[0m  [1m[36mcommit transaction[0m
  [1m[36mTRANSACTION (0.1ms)[0m  [1m[36mbegin transaction[0m
  [1m[36mTodo Create (0.6ms)[0m  [1m[32mINSERT INTO "todos" ("task", "created_at", "updated_at") VALUES (?, ?, ?)[0m  [["task", "This is a seeded, default task"], ["created_at", "2021-11-18 17:12:08.852656"], ["updated_at", "2021-11-18 17:12:08.852656"]]
  [1m[36mTRANSACTION (186.5ms)[0m  [1m[36mcommit transaction[0m
  [1m[36mTRANSACTION (0.1ms)[0m  [1m[36mbegin transaction[0m
  [1m[36mTodo Create (0.4ms)[0m  [1m[32mINSERT INTO "todos" ("task", "created_at", "updated_at") VALUES (?, ?, ?)[0m  [["task", "This is a seeded, default task"], ["created_at", "2021-11-18 17:12:09.056041"], ["updated_at", "2021-11-18 17:12:09.056041"]]
  [1m[36mTRANSACTION (111.8ms)[0m  [1m[36mcommit transaction[0m
  [1m[36mTRANSACTION (0.2ms)[0m  [1m[36mbegin transaction[0m
  [1m[36mTodo Create (0.8ms)[0m  [1m[32mINSERT INTO "todos" ("task", "created_at", "updated_at") VALUES (?, ?, ?)[0m  [["task", "This is a seeded, default task"], ["created_at", "2021-11-18 17:12:09.183564"], ["updated_at", "2021-11-18 17:12:09.183564"]]
  [1m[36mTRANSACTION (136.0ms)[0m  [1m[36mcommit transaction[0m
Started GET "/todos" for ::1 at 2021-11-18 14:12:18 -0300
  [1m[35m (0.4ms)[0m  [1m[34mSELECT sqlite_version(*)[0m
  [1m[35m (0.3ms)[0m  [1m[34mSELECT "schema_migrations"."version" FROM "schema_migrations" ORDER BY "schema_migrations"."version" ASC[0m
Processing by TodosController#index as HTML
  [1m[36mTodo Load (0.2ms)[0m  [1m[34mSELECT "todos".* FROM "todos"[0m
  ↳ app/controllers/todos_controller.rb:8:in `index'
Completed 200 OK in 12ms (Views: 7.4ms | ActiveRecord: 0.8ms | Allocations: 6323)


Started GET "/todos/1" for ::1 at 2021-11-18 14:13:44 -0300
Processing by TodosController#show as HTML
  Parameters: {"id"=>"1"}
  [1m[36mTodo Load (0.2ms)[0m  [1m[34mSELECT "todos".* FROM "todos" WHERE "todos"."id" = ? LIMIT ?[0m  [["id", 1], ["LIMIT", 1]]
  ↳ app/controllers/todos_controller.rb:44:in `set_todo'
Completed 200 OK in 9ms (Views: 0.4ms | ActiveRecord: 0.2ms | Allocations: 1971)


Started GET "/todos/5" for ::1 at 2021-11-18 14:13:48 -0300
Processing by TodosController#show as HTML
  Parameters: {"id"=>"5"}
  [1m[36mTodo Load (0.2ms)[0m  [1m[34mSELECT "todos".* FROM "todos" WHERE "todos"."id" = ? LIMIT ?[0m  [["id", 5], ["LIMIT", 1]]
  ↳ app/controllers/todos_controller.rb:44:in `set_todo'
Completed 200 OK in 3ms (Views: 0.6ms | ActiveRecord: 0.2ms | Allocations: 588)


Started GET "/todos" for ::1 at 2021-11-18 15:32:48 -0300
  [1m[35m (0.9ms)[0m  [1m[34mSELECT sqlite_version(*)[0m
  [1m[35m (0.1ms)[0m  [1m[34mSELECT "schema_migrations"."version" FROM "schema_migrations" ORDER BY "schema_migrations"."version" ASC[0m
Processing by TodosController#index as HTML
  [1m[36mTodo Load (0.2ms)[0m  [1m[34mSELECT "todos".* FROM "todos"[0m
  ↳ app/controllers/todos_controller.rb:8:in `index'
Completed 200 OK in 13ms (Views: 8.2ms | ActiveRecord: 1.0ms | Allocations: 6323)


Started GET "/" for 127.0.0.1 at 2021-11-18 15:43:19 -0300
  [1m[35m (0.6ms)[0m  [1m[34mSELECT sqlite_version(*)[0m
  [1m[35m (0.1ms)[0m  [1m[34mSELECT "schema_migrations"."version" FROM "schema_migrations" ORDER BY "schema_migrations"."version" ASC[0m
Processing by Rails::WelcomeController#index as HTML
  Rendering /home/mariab/.rbenv/versions/2.7.2/lib/ruby/gems/2.7.0/gems/railties-6.1.4.1/lib/rails/templates/rails/welcome/index.html.erb
  Rendered /home/mariab/.rbenv/versions/2.7.2/lib/ruby/gems/2.7.0/gems/railties-6.1.4.1/lib/rails/templates/rails/welcome/index.html.erb (Duration: 260.2ms | Allocations: 297)
Completed 200 OK in 886ms (Views: 726.9ms | ActiveRecord: 0.0ms | Allocations: 2273)


Started GET "/favicon.ico" for 127.0.0.1 at 2021-11-18 15:43:20 -0300
  
ActionController::RoutingError (No route matches [GET] "/favicon.ico"):
  
Started GET "/todos" for 127.0.0.1 at 2021-11-18 23:01:17 -0300
  [1m[35m (9.2ms)[0m  [1m[34mSELECT sqlite_version(*)[0m
  [1m[35m (0.1ms)[0m  [1m[34mSELECT "schema_migrations"."version" FROM "schema_migrations" ORDER BY "schema_migrations"."version" ASC[0m
Processing by TodosController#index as */*
  [1m[36mTodo Load (17.2ms)[0m  [1m[34mSELECT "todos".* FROM "todos"[0m
  ↳ app/controllers/todos_controller.rb:8:in `index'
Completed 200 OK in 71ms (Views: 9.2ms | ActiveRecord: 17.9ms | Allocations: 6329)


Started GET "/todos" for 127.0.0.1 at 2021-11-18 23:02:30 -0300
Processing by TodosController#index as */*
  [1m[36mTodo Load (0.2ms)[0m  [1m[34mSELECT "todos".* FROM "todos"[0m
  ↳ app/controllers/todos_controller.rb:8:in `index'
Completed 200 OK in 4ms (Views: 3.8ms | ActiveRecord: 0.2ms | Allocations: 1699)


Started GET "/todos" for 127.0.0.1 at 2021-11-18 23:02:33 -0300
Processing by TodosController#index as */*
  [1m[36mTodo Load (0.3ms)[0m  [1m[34mSELECT "todos".* FROM "todos"[0m
  ↳ app/controllers/todos_controller.rb:8:in `index'
Completed 200 OK in 6ms (Views: 5.3ms | ActiveRecord: 0.3ms | Allocations: 1699)


Started GET "/todos" for 127.0.0.1 at 2021-11-18 23:02:36 -0300
Processing by TodosController#index as */*
  [1m[36mTodo Load (0.2ms)[0m  [1m[34mSELECT "todos".* FROM "todos"[0m
  ↳ app/controllers/todos_controller.rb:8:in `index'
Completed 200 OK in 6ms (Views: 5.2ms | ActiveRecord: 0.2ms | Allocations: 1699)


Started GET "/todos" for 127.0.0.1 at 2021-11-18 23:02:37 -0300
Processing by TodosController#index as */*
  [1m[36mTodo Load (0.3ms)[0m  [1m[34mSELECT "todos".* FROM "todos"[0m
  ↳ app/controllers/todos_controller.rb:8:in `index'
Completed 200 OK in 8ms (Views: 6.8ms | ActiveRecord: 0.3ms | Allocations: 1680)


Started GET "/todos" for 127.0.0.1 at 2021-11-18 23:02:44 -0300
Processing by TodosController#index as */*
  [1m[36mTodo Load (0.2ms)[0m  [1m[34mSELECT "todos".* FROM "todos"[0m
  ↳ app/controllers/todos_controller.rb:8:in `index'
Completed 200 OK in 5ms (Views: 4.1ms | ActiveRecord: 0.2ms | Allocations: 1699)


Started GET "/todos" for 127.0.0.1 at 2021-11-18 23:02:45 -0300
Processing by TodosController#index as */*
  [1m[36mTodo Load (0.2ms)[0m  [1m[34mSELECT "todos".* FROM "todos"[0m
  ↳ app/controllers/todos_controller.rb:8:in `index'
Completed 200 OK in 5ms (Views: 4.0ms | ActiveRecord: 0.2ms | Allocations: 1680)


Started GET "/todos" for 127.0.0.1 at 2021-11-18 23:02:46 -0300
Processing by TodosController#index as */*
  [1m[36mTodo Load (0.3ms)[0m  [1m[34mSELECT "todos".* FROM "todos"[0m
  ↳ app/controllers/todos_controller.rb:8:in `index'
Completed 200 OK in 7ms (Views: 5.8ms | ActiveRecord: 0.3ms | Allocations: 1680)


Started GET "/todos" for 127.0.0.1 at 2021-11-18 23:03:16 -0300
Processing by TodosController#index as */*
  [1m[36mTodo Load (0.3ms)[0m  [1m[34mSELECT "todos".* FROM "todos"[0m
  ↳ app/controllers/todos_controller.rb:8:in `index'
Completed 200 OK in 5ms (Views: 4.6ms | ActiveRecord: 0.3ms | Allocations: 1680)


Started GET "/todos" for 127.0.0.1 at 2021-11-18 23:03:22 -0300
Processing by TodosController#index as */*
  [1m[36mTodo Load (0.2ms)[0m  [1m[34mSELECT "todos".* FROM "todos"[0m
  ↳ app/controllers/todos_controller.rb:8:in `index'
Completed 200 OK in 4ms (Views: 3.0ms | ActiveRecord: 0.2ms | Allocations: 1680)


Started GET "/todos" for 127.0.0.1 at 2021-11-18 23:06:22 -0300
Processing by TodosController#index as */*
  [1m[36mTodo Load (0.1ms)[0m  [1m[34mSELECT "todos".* FROM "todos"[0m
  ↳ app/controllers/todos_controller.rb:8:in `index'
Completed 200 OK in 4ms (Views: 3.4ms | ActiveRecord: 0.1ms | Allocations: 1680)


Started GET "/todos" for 127.0.0.1 at 2021-11-18 23:06:23 -0300
Processing by TodosController#index as */*
  [1m[36mTodo Load (0.2ms)[0m  [1m[34mSELECT "todos".* FROM "todos"[0m
  ↳ app/controllers/todos_controller.rb:8:in `index'
Completed 200 OK in 6ms (Views: 4.9ms | ActiveRecord: 0.2ms | Allocations: 1680)


Started GET "/todos" for 127.0.0.1 at 2021-11-18 23:07:59 -0300
Processing by TodosController#index as */*
  [1m[36mTodo Load (0.1ms)[0m  [1m[34mSELECT "todos".* FROM "todos"[0m
  ↳ app/controllers/todos_controller.rb:8:in `index'
Completed 200 OK in 3ms (Views: 2.8ms | ActiveRecord: 0.1ms | Allocations: 1680)


Started GET "/todos" for 127.0.0.1 at 2021-11-18 23:07:59 -0300
Processing by TodosController#index as */*
  [1m[36mTodo Load (0.2ms)[0m  [1m[34mSELECT "todos".* FROM "todos"[0m
  ↳ app/controllers/todos_controller.rb:8:in `index'
Completed 200 OK in 3ms (Views: 2.5ms | ActiveRecord: 0.2ms | Allocations: 1680)


Started GET "/todos" for 127.0.0.1 at 2021-11-18 23:08:40 -0300
Processing by TodosController#index as */*
  [1m[36mTodo Load (16.6ms)[0m  [1m[34mSELECT "todos".* FROM "todos"[0m
  ↳ app/controllers/todos_controller.rb:8:in `index'
Completed 200 OK in 19ms (Views: 2.3ms | ActiveRecord: 16.6ms | Allocations: 1680)


Started GET "/todos" for 127.0.0.1 at 2021-11-18 23:08:41 -0300
Processing by TodosController#index as */*
  [1m[36mTodo Load (0.2ms)[0m  [1m[34mSELECT "todos".* FROM "todos"[0m
  ↳ app/controllers/todos_controller.rb:8:in `index'
Completed 200 OK in 3ms (Views: 2.6ms | ActiveRecord: 0.2ms | Allocations: 1680)


Started GET "/todos" for 127.0.0.1 at 2021-11-18 23:08:43 -0300
Processing by TodosController#index as */*
  [1m[36mTodo Load (0.1ms)[0m  [1m[34mSELECT "todos".* FROM "todos"[0m
  ↳ app/controllers/todos_controller.rb:8:in `index'
Completed 200 OK in 3ms (Views: 2.5ms | ActiveRecord: 0.1ms | Allocations: 1680)


Started GET "/todos" for 127.0.0.1 at 2021-11-18 23:08:44 -0300
Processing by TodosController#index as */*
  [1m[36mTodo Load (0.2ms)[0m  [1m[34mSELECT "todos".* FROM "todos"[0m
  ↳ app/controllers/todos_controller.rb:8:in `index'
Completed 200 OK in 4ms (Views: 3.8ms | ActiveRecord: 0.2ms | Allocations: 1680)


Started GET "/todos" for 127.0.0.1 at 2021-11-18 23:08:49 -0300
Processing by TodosController#index as */*
  [1m[36mTodo Load (0.2ms)[0m  [1m[34mSELECT "todos".* FROM "todos"[0m
  ↳ app/controllers/todos_controller.rb:8:in `index'
Completed 200 OK in 4ms (Views: 3.1ms | ActiveRecord: 0.2ms | Allocations: 1680)


Started GET "/todos" for 127.0.0.1 at 2021-11-18 23:08:53 -0300
Processing by TodosController#index as */*
  [1m[36mTodo Load (0.2ms)[0m  [1m[34mSELECT "todos".* FROM "todos"[0m
  ↳ app/controllers/todos_controller.rb:8:in `index'
Completed 200 OK in 3ms (Views: 2.7ms | ActiveRecord: 0.2ms | Allocations: 1680)


Started GET "/todos" for 127.0.0.1 at 2021-11-18 23:08:56 -0300
Processing by TodosController#index as */*
  [1m[36mTodo Load (0.2ms)[0m  [1m[34mSELECT "todos".* FROM "todos"[0m
  ↳ app/controllers/todos_controller.rb:8:in `index'
Completed 200 OK in 3ms (Views: 2.7ms | ActiveRecord: 0.2ms | Allocations: 1680)


Started GET "/todos" for 127.0.0.1 at 2021-11-18 23:08:58 -0300
Processing by TodosController#index as */*
  [1m[36mTodo Load (0.1ms)[0m  [1m[34mSELECT "todos".* FROM "todos"[0m
  ↳ app/controllers/todos_controller.rb:8:in `index'
Completed 200 OK in 4ms (Views: 3.2ms | ActiveRecord: 0.1ms | Allocations: 1680)


Started GET "/todos" for 127.0.0.1 at 2021-11-18 23:09:04 -0300
Processing by TodosController#index as */*
  [1m[36mTodo Load (0.2ms)[0m  [1m[34mSELECT "todos".* FROM "todos"[0m
  ↳ app/controllers/todos_controller.rb:8:in `index'
Completed 200 OK in 3ms (Views: 2.9ms | ActiveRecord: 0.2ms | Allocations: 1680)


Started GET "/todos" for 127.0.0.1 at 2021-11-18 23:09:16 -0300
Processing by TodosController#index as */*
  [1m[36mTodo Load (0.1ms)[0m  [1m[34mSELECT "todos".* FROM "todos"[0m
  ↳ app/controllers/todos_controller.rb:8:in `index'
Completed 200 OK in 5ms (Views: 4.7ms | ActiveRecord: 0.1ms | Allocations: 1680)


Started GET "/todos" for 127.0.0.1 at 2021-11-18 23:09:41 -0300
Processing by TodosController#index as */*
  [1m[36mTodo Load (0.2ms)[0m  [1m[34mSELECT "todos".* FROM "todos"[0m
  ↳ app/controllers/todos_controller.rb:8:in `index'
Completed 200 OK in 4ms (Views: 3.8ms | ActiveRecord: 0.2ms | Allocations: 1680)


Started GET "/todos" for 127.0.0.1 at 2021-11-18 23:10:05 -0300
Processing by TodosController#index as */*
  [1m[36mTodo Load (0.1ms)[0m  [1m[34mSELECT "todos".* FROM "todos"[0m
  ↳ app/controllers/todos_controller.rb:8:in `index'
Completed 200 OK in 3ms (Views: 2.4ms | ActiveRecord: 0.1ms | Allocations: 1680)


Started GET "/todos" for 127.0.0.1 at 2021-11-18 23:10:08 -0300
Processing by TodosController#index as */*
  [1m[36mTodo Load (0.2ms)[0m  [1m[34mSELECT "todos".* FROM "todos"[0m
  ↳ app/controllers/todos_controller.rb:8:in `index'
Completed 200 OK in 7ms (Views: 6.8ms | ActiveRecord: 0.2ms | Allocations: 1680)


Started GET "/todos" for 127.0.0.1 at 2021-11-18 23:10:11 -0300
Processing by TodosController#index as */*
  [1m[36mTodo Load (0.1ms)[0m  [1m[34mSELECT "todos".* FROM "todos"[0m
  ↳ app/controllers/todos_controller.rb:8:in `index'
Completed 200 OK in 3ms (Views: 2.9ms | ActiveRecord: 0.1ms | Allocations: 1680)


Started GET "/todos" for 127.0.0.1 at 2021-11-18 23:10:25 -0300
Processing by TodosController#index as */*
  [1m[36mTodo Load (0.4ms)[0m  [1m[34mSELECT "todos".* FROM "todos"[0m
  ↳ app/controllers/todos_controller.rb:8:in `index'
Completed 200 OK in 6ms (Views: 5.1ms | ActiveRecord: 0.4ms | Allocations: 1680)


Started GET "/todos" for 127.0.0.1 at 2021-11-18 23:10:31 -0300
Processing by TodosController#index as */*
  [1m[36mTodo Load (0.2ms)[0m  [1m[34mSELECT "todos".* FROM "todos"[0m
  ↳ app/controllers/todos_controller.rb:8:in `index'
Completed 200 OK in 4ms (Views: 3.0ms | ActiveRecord: 0.2ms | Allocations: 1680)


Started GET "/todos" for 127.0.0.1 at 2021-11-18 23:10:38 -0300
Processing by TodosController#index as */*
  [1m[36mTodo Load (0.1ms)[0m  [1m[34mSELECT "todos".* FROM "todos"[0m
  ↳ app/controllers/todos_controller.rb:8:in `index'
Completed 200 OK in 4ms (Views: 3.1ms | ActiveRecord: 0.1ms | Allocations: 1680)


Started GET "/todos" for 127.0.0.1 at 2021-11-18 23:10:43 -0300
Processing by TodosController#index as */*
  [1m[36mTodo Load (0.1ms)[0m  [1m[34mSELECT "todos".* FROM "todos"[0m
  ↳ app/controllers/todos_controller.rb:8:in `index'
Completed 200 OK in 3ms (Views: 2.8ms | ActiveRecord: 0.1ms | Allocations: 1680)


Started GET "/todos" for 127.0.0.1 at 2021-11-18 23:10:46 -0300
Processing by TodosController#index as */*
  [1m[36mTodo Load (0.2ms)[0m  [1m[34mSELECT "todos".* FROM "todos"[0m
  ↳ app/controllers/todos_controller.rb:8:in `index'
Completed 200 OK in 7ms (Views: 6.9ms | ActiveRecord: 0.2ms | Allocations: 1680)


Started GET "/todos" for 127.0.0.1 at 2021-11-18 23:10:50 -0300
Processing by TodosController#index as */*
  [1m[36mTodo Load (0.3ms)[0m  [1m[34mSELECT "todos".* FROM "todos"[0m
  ↳ app/controllers/todos_controller.rb:8:in `index'
Completed 200 OK in 5ms (Views: 4.2ms | ActiveRecord: 0.3ms | Allocations: 1680)


Started GET "/todos" for 127.0.0.1 at 2021-11-18 23:10:52 -0300
Processing by TodosController#index as */*
  [1m[36mTodo Load (0.2ms)[0m  [1m[34mSELECT "todos".* FROM "todos"[0m
  ↳ app/controllers/todos_controller.rb:8:in `index'
Completed 200 OK in 4ms (Views: 3.1ms | ActiveRecord: 0.2ms | Allocations: 1680)


Started GET "/todos" for 127.0.0.1 at 2021-11-18 23:10:54 -0300
Processing by TodosController#index as */*
  [1m[36mTodo Load (0.2ms)[0m  [1m[34mSELECT "todos".* FROM "todos"[0m
  ↳ app/controllers/todos_controller.rb:8:in `index'
Completed 200 OK in 8ms (Views: 7.2ms | ActiveRecord: 0.2ms | Allocations: 1680)


Started GET "/todos" for 127.0.0.1 at 2021-11-18 23:10:58 -0300
Processing by TodosController#index as */*
  [1m[36mTodo Load (0.1ms)[0m  [1m[34mSELECT "todos".* FROM "todos"[0m
  ↳ app/controllers/todos_controller.rb:8:in `index'
Completed 200 OK in 3ms (Views: 2.3ms | ActiveRecord: 0.1ms | Allocations: 1680)


Started GET "/todos" for 127.0.0.1 at 2021-11-18 23:11:02 -0300
Processing by TodosController#index as */*
  [1m[36mTodo Load (0.2ms)[0m  [1m[34mSELECT "todos".* FROM "todos"[0m
  ↳ app/controllers/todos_controller.rb:8:in `index'
Completed 200 OK in 3ms (Views: 2.5ms | ActiveRecord: 0.2ms | Allocations: 1680)


Started GET "/todos" for 127.0.0.1 at 2021-11-18 23:11:09 -0300
Processing by TodosController#index as */*
  [1m[36mTodo Load (0.2ms)[0m  [1m[34mSELECT "todos".* FROM "todos"[0m
  ↳ app/controllers/todos_controller.rb:8:in `index'
Completed 200 OK in 4ms (Views: 3.0ms | ActiveRecord: 0.2ms | Allocations: 1681)


Started GET "/todos" for 127.0.0.1 at 2021-11-18 23:11:10 -0300
Processing by TodosController#index as */*
  [1m[36mTodo Load (0.2ms)[0m  [1m[34mSELECT "todos".* FROM "todos"[0m
  ↳ app/controllers/todos_controller.rb:8:in `index'
Completed 200 OK in 5ms (Views: 4.2ms | ActiveRecord: 0.2ms | Allocations: 1680)


Started GET "/todos" for 127.0.0.1 at 2021-11-18 23:11:11 -0300
Processing by TodosController#index as */*
  [1m[36mTodo Load (0.2ms)[0m  [1m[34mSELECT "todos".* FROM "todos"[0m
  ↳ app/controllers/todos_controller.rb:8:in `index'
Completed 200 OK in 4ms (Views: 3.1ms | ActiveRecord: 0.2ms | Allocations: 1680)


Started GET "/todos" for 127.0.0.1 at 2021-11-18 23:11:16 -0300
Processing by TodosController#index as */*
  [1m[36mTodo Load (0.2ms)[0m  [1m[34mSELECT "todos".* FROM "todos"[0m
  ↳ app/controllers/todos_controller.rb:8:in `index'
Completed 200 OK in 14ms (Views: 13.6ms | ActiveRecord: 0.2ms | Allocations: 1681)


Started GET "/todos" for 127.0.0.1 at 2021-11-18 23:11:26 -0300
Processing by TodosController#index as */*
  [1m[36mTodo Load (0.1ms)[0m  [1m[34mSELECT "todos".* FROM "todos"[0m
  ↳ app/controllers/todos_controller.rb:8:in `index'
Completed 200 OK in 3ms (Views: 2.9ms | ActiveRecord: 0.1ms | Allocations: 1681)


Started GET "/todos" for 127.0.0.1 at 2021-11-18 23:11:32 -0300
Processing by TodosController#index as */*
  [1m[36mTodo Load (0.2ms)[0m  [1m[34mSELECT "todos".* FROM "todos"[0m
  ↳ app/controllers/todos_controller.rb:8:in `index'
Completed 200 OK in 3ms (Views: 2.7ms | ActiveRecord: 0.2ms | Allocations: 1680)


Started GET "/todos" for 127.0.0.1 at 2021-11-18 23:11:34 -0300
Processing by TodosController#index as */*
  [1m[36mTodo Load (0.1ms)[0m  [1m[34mSELECT "todos".* FROM "todos"[0m
  ↳ app/controllers/todos_controller.rb:8:in `index'
Completed 200 OK in 3ms (Views: 2.4ms | ActiveRecord: 0.1ms | Allocations: 1680)


Started GET "/todos" for 127.0.0.1 at 2021-11-18 23:11:35 -0300
Processing by TodosController#index as */*
  [1m[36mTodo Load (0.2ms)[0m  [1m[34mSELECT "todos".* FROM "todos"[0m
  ↳ app/controllers/todos_controller.rb:8:in `index'
Completed 200 OK in 5ms (Views: 3.8ms | ActiveRecord: 0.2ms | Allocations: 1680)


Started GET "/todos" for 127.0.0.1 at 2021-11-18 23:11:49 -0300
Processing by TodosController#index as */*
  [1m[36mTodo Load (0.1ms)[0m  [1m[34mSELECT "todos".* FROM "todos"[0m
  ↳ app/controllers/todos_controller.rb:8:in `index'
Completed 200 OK in 4ms (Views: 3.7ms | ActiveRecord: 0.1ms | Allocations: 1680)


Started GET "/todos" for 127.0.0.1 at 2021-11-18 23:11:58 -0300
Processing by TodosController#index as */*
  [1m[36mTodo Load (0.1ms)[0m  [1m[34mSELECT "todos".* FROM "todos"[0m
  ↳ app/controllers/todos_controller.rb:8:in `index'
Completed 200 OK in 3ms (Views: 2.7ms | ActiveRecord: 0.1ms | Allocations: 1680)


Started GET "/todos" for 127.0.0.1 at 2021-11-18 23:11:59 -0300
Processing by TodosController#index as */*
  [1m[36mTodo Load (0.2ms)[0m  [1m[34mSELECT "todos".* FROM "todos"[0m
  ↳ app/controllers/todos_controller.rb:8:in `index'
Completed 200 OK in 4ms (Views: 3.3ms | ActiveRecord: 0.2ms | Allocations: 1680)


Started GET "/todos" for 127.0.0.1 at 2021-11-18 23:12:25 -0300
Processing by TodosController#index as */*
  [1m[36mTodo Load (0.2ms)[0m  [1m[34mSELECT "todos".* FROM "todos"[0m
  ↳ app/controllers/todos_controller.rb:8:in `index'
Completed 200 OK in 4ms (Views: 3.7ms | ActiveRecord: 0.2ms | Allocations: 1680)


Started GET "/todos" for 127.0.0.1 at 2021-11-18 23:13:04 -0300
Processing by TodosController#index as */*
  [1m[36mTodo Load (0.1ms)[0m  [1m[34mSELECT "todos".* FROM "todos"[0m
  ↳ app/controllers/todos_controller.rb:8:in `index'
Completed 200 OK in 3ms (Views: 2.5ms | ActiveRecord: 0.1ms | Allocations: 1680)


Started GET "/todos" for 127.0.0.1 at 2021-11-18 23:14:07 -0300
Processing by TodosController#index as */*
  [1m[36mTodo Load (0.1ms)[0m  [1m[34mSELECT "todos".* FROM "todos"[0m
  ↳ app/controllers/todos_controller.rb:8:in `index'
Completed 200 OK in 3ms (Views: 2.7ms | ActiveRecord: 0.1ms | Allocations: 1680)


Started GET "/todos" for 127.0.0.1 at 2021-11-18 23:14:27 -0300
Processing by TodosController#index as */*
  [1m[36mTodo Load (0.2ms)[0m  [1m[34mSELECT "todos".* FROM "todos"[0m
  ↳ app/controllers/todos_controller.rb:8:in `index'
Completed 200 OK in 6ms (Views: 5.0ms | ActiveRecord: 0.2ms | Allocations: 1680)


Started GET "/" for 127.0.0.1 at 2021-11-18 23:14:45 -0300
Processing by Rails::WelcomeController#index as HTML
  Rendering /home/mariab/.rbenv/versions/2.7.2/lib/ruby/gems/2.7.0/gems/railties-6.1.4.1/lib/rails/templates/rails/welcome/index.html.erb
  Rendered /home/mariab/.rbenv/versions/2.7.2/lib/ruby/gems/2.7.0/gems/railties-6.1.4.1/lib/rails/templates/rails/welcome/index.html.erb (Duration: 48.0ms | Allocations: 293)
Completed 200 OK in 149ms (Views: 63.6ms | ActiveRecord: 0.0ms | Allocations: 2264)


Started GET "/favicon.ico" for 127.0.0.1 at 2021-11-18 23:14:46 -0300
  
ActionController::RoutingError (No route matches [GET] "/favicon.ico"):
  
Started GET "/todos" for 127.0.0.1 at 2021-11-18 23:14:49 -0300
Processing by TodosController#index as HTML
  [1m[36mTodo Load (0.2ms)[0m  [1m[34mSELECT "todos".* FROM "todos"[0m
  ↳ app/controllers/todos_controller.rb:8:in `index'
Completed 200 OK in 4ms (Views: 3.3ms | ActiveRecord: 0.2ms | Allocations: 1834)


Started GET "/todos" for 127.0.0.1 at 2021-11-18 23:15:53 -0300
Processing by TodosController#index as */*
  [1m[36mTodo Load (0.1ms)[0m  [1m[34mSELECT "todos".* FROM "todos"[0m
  ↳ app/controllers/todos_controller.rb:8:in `index'
Completed 200 OK in 4ms (Views: 3.4ms | ActiveRecord: 0.1ms | Allocations: 1681)


Started GET "/todos" for 127.0.0.1 at 2021-11-18 23:15:56 -0300
Processing by TodosController#index as */*
  [1m[36mTodo Load (0.2ms)[0m  [1m[34mSELECT "todos".* FROM "todos"[0m
  ↳ app/controllers/todos_controller.rb:8:in `index'
Completed 200 OK in 4ms (Views: 3.1ms | ActiveRecord: 0.2ms | Allocations: 1680)


Started GET "/todos" for 127.0.0.1 at 2021-11-18 23:15:59 -0300
Processing by TodosController#index as */*
  [1m[36mTodo Load (0.2ms)[0m  [1m[34mSELECT "todos".* FROM "todos"[0m
  ↳ app/controllers/todos_controller.rb:8:in `index'
Completed 200 OK in 4ms (Views: 3.7ms | ActiveRecord: 0.2ms | Allocations: 1680)


Started GET "/todos" for 127.0.0.1 at 2021-11-18 23:16:26 -0300
Processing by TodosController#index as */*
  [1m[36mTodo Load (0.2ms)[0m  [1m[34mSELECT "todos".* FROM "todos"[0m
  ↳ app/controllers/todos_controller.rb:8:in `index'
Completed 200 OK in 3ms (Views: 2.5ms | ActiveRecord: 0.2ms | Allocations: 1680)


Started GET "/todos" for 127.0.0.1 at 2021-11-18 23:16:29 -0300
Processing by TodosController#index as */*
  [1m[36mTodo Load (0.2ms)[0m  [1m[34mSELECT "todos".* FROM "todos"[0m
  ↳ app/controllers/todos_controller.rb:8:in `index'
Completed 200 OK in 4ms (Views: 3.7ms | ActiveRecord: 0.2ms | Allocations: 1681)


Started GET "/todos" for 127.0.0.1 at 2021-11-18 23:17:31 -0300
Processing by TodosController#index as */*
  [1m[36mTodo Load (0.2ms)[0m  [1m[34mSELECT "todos".* FROM "todos"[0m
  ↳ app/controllers/todos_controller.rb:8:in `index'
Completed 200 OK in 4ms (Views: 3.5ms | ActiveRecord: 0.2ms | Allocations: 1680)


Started GET "/todos" for 127.0.0.1 at 2021-11-18 23:17:33 -0300
Processing by TodosController#index as */*
  [1m[36mTodo Load (0.1ms)[0m  [1m[34mSELECT "todos".* FROM "todos"[0m
  ↳ app/controllers/todos_controller.rb:8:in `index'
Completed 200 OK in 3ms (Views: 2.4ms | ActiveRecord: 0.1ms | Allocations: 1680)


Started GET "/todos" for 127.0.0.1 at 2021-11-18 23:18:21 -0300
Processing by TodosController#index as */*
  [1m[36mTodo Load (0.1ms)[0m  [1m[34mSELECT "todos".* FROM "todos"[0m
  ↳ app/controllers/todos_controller.rb:8:in `index'
Completed 200 OK in 3ms (Views: 2.3ms | ActiveRecord: 0.1ms | Allocations: 1680)


Started GET "/todos" for 127.0.0.1 at 2021-11-18 23:18:24 -0300
Processing by TodosController#index as */*
  [1m[36mTodo Load (0.1ms)[0m  [1m[34mSELECT "todos".* FROM "todos"[0m
  ↳ app/controllers/todos_controller.rb:8:in `index'
Completed 200 OK in 4ms (Views: 3.2ms | ActiveRecord: 0.1ms | Allocations: 1680)


Started GET "/todos" for 127.0.0.1 at 2021-11-18 23:18:32 -0300
Processing by TodosController#index as */*
  [1m[36mTodo Load (0.2ms)[0m  [1m[34mSELECT "todos".* FROM "todos"[0m
  ↳ app/controllers/todos_controller.rb:8:in `index'
Completed 200 OK in 3ms (Views: 2.8ms | ActiveRecord: 0.2ms | Allocations: 1680)


Started GET "/todos" for 127.0.0.1 at 2021-11-18 23:18:33 -0300
Processing by TodosController#index as */*
  [1m[36mTodo Load (0.1ms)[0m  [1m[34mSELECT "todos".* FROM "todos"[0m
  ↳ app/controllers/todos_controller.rb:8:in `index'
Completed 200 OK in 3ms (Views: 2.7ms | ActiveRecord: 0.1ms | Allocations: 1680)


Started GET "/todos" for 127.0.0.1 at 2021-11-18 23:18:38 -0300
Processing by TodosController#index as */*
  [1m[36mTodo Load (0.2ms)[0m  [1m[34mSELECT "todos".* FROM "todos"[0m
  ↳ app/controllers/todos_controller.rb:8:in `index'
Completed 200 OK in 4ms (Views: 3.4ms | ActiveRecord: 0.2ms | Allocations: 1680)


Started GET "/todos" for 127.0.0.1 at 2021-11-18 23:18:45 -0300
Processing by TodosController#index as */*
  [1m[36mTodo Load (0.2ms)[0m  [1m[34mSELECT "todos".* FROM "todos"[0m
  ↳ app/controllers/todos_controller.rb:8:in `index'
Completed 200 OK in 6ms (Views: 5.2ms | ActiveRecord: 0.2ms | Allocations: 1680)


Started GET "/todos" for 127.0.0.1 at 2021-11-18 23:18:47 -0300
Processing by TodosController#index as */*
  [1m[36mTodo Load (0.2ms)[0m  [1m[34mSELECT "todos".* FROM "todos"[0m
  ↳ app/controllers/todos_controller.rb:8:in `index'
Completed 200 OK in 5ms (Views: 4.4ms | ActiveRecord: 0.2ms | Allocations: 1680)


Started GET "/todos" for 127.0.0.1 at 2021-11-18 23:19:08 -0300
Processing by TodosController#index as */*
  [1m[36mTodo Load (0.1ms)[0m  [1m[34mSELECT "todos".* FROM "todos"[0m
  ↳ app/controllers/todos_controller.rb:8:in `index'
Completed 200 OK in 3ms (Views: 2.8ms | ActiveRecord: 0.1ms | Allocations: 1680)


Started GET "/todos" for 127.0.0.1 at 2021-11-18 23:19:08 -0300
Processing by TodosController#index as */*
  [1m[36mTodo Load (0.5ms)[0m  [1m[34mSELECT "todos".* FROM "todos"[0m
  ↳ app/controllers/todos_controller.rb:8:in `index'
Completed 200 OK in 12ms (Views: 10.8ms | ActiveRecord: 0.5ms | Allocations: 1680)


Started GET "/todos" for 127.0.0.1 at 2021-11-18 23:19:17 -0300
Processing by TodosController#index as */*
  [1m[36mTodo Load (0.2ms)[0m  [1m[34mSELECT "todos".* FROM "todos"[0m
  ↳ app/controllers/todos_controller.rb:8:in `index'
Completed 200 OK in 5ms (Views: 4.1ms | ActiveRecord: 0.2ms | Allocations: 1680)


Started GET "/todos" for 127.0.0.1 at 2021-11-18 23:19:21 -0300
Processing by TodosController#index as */*
  [1m[36mTodo Load (0.2ms)[0m  [1m[34mSELECT "todos".* FROM "todos"[0m
  ↳ app/controllers/todos_controller.rb:8:in `index'
Completed 200 OK in 3ms (Views: 2.6ms | ActiveRecord: 0.2ms | Allocations: 1680)


Started GET "/" for ::1 at 2021-11-19 21:57:09 -0300
  [1m[35m (1.5ms)[0m  [1m[34mSELECT sqlite_version(*)[0m
  [1m[35m (0.1ms)[0m  [1m[34mSELECT "schema_migrations"."version" FROM "schema_migrations" ORDER BY "schema_migrations"."version" ASC[0m
Processing by Rails::WelcomeController#index as HTML
  Rendering /home/mariab/.rbenv/versions/2.7.2/lib/ruby/gems/2.7.0/gems/railties-6.1.4.1/lib/rails/templates/rails/welcome/index.html.erb
  Rendered /home/mariab/.rbenv/versions/2.7.2/lib/ruby/gems/2.7.0/gems/railties-6.1.4.1/lib/rails/templates/rails/welcome/index.html.erb (Duration: 22.5ms | Allocations: 294)
Completed 200 OK in 73ms (Views: 24.5ms | ActiveRecord: 0.0ms | Allocations: 2270)


Started GET "/favicon.ico" for ::1 at 2021-11-19 21:57:09 -0300
  
ActionController::RoutingError (No route matches [GET] "/favicon.ico"):
  
Started GET "/todos" for ::1 at 2021-11-19 21:57:25 -0300
Processing by TodosController#index as HTML
  [1m[36mTodo Load (0.6ms)[0m  [1m[34mSELECT "todos".* FROM "todos"[0m
  ↳ app/controllers/todos_controller.rb:8:in `index'
Completed 200 OK in 35ms (Views: 12.9ms | ActiveRecord: 1.8ms | Allocations: 4734)


Started GET "/todos" for ::1 at 2021-11-19 22:00:56 -0300
Processing by TodosController#index as */*
  [1m[36mTodo Load (0.6ms)[0m  [1m[34mSELECT "todos".* FROM "todos"[0m
  ↳ app/controllers/todos_controller.rb:8:in `index'
Completed 200 OK in 13ms (Views: 11.5ms | ActiveRecord: 0.6ms | Allocations: 1700)


Started GET "/todos" for ::1 at 2021-11-19 22:01:38 -0300
Processing by TodosController#index as */*
  [1m[36mTodo Load (0.2ms)[0m  [1m[34mSELECT "todos".* FROM "todos"[0m
  ↳ app/controllers/todos_controller.rb:8:in `index'
Completed 200 OK in 4ms (Views: 3.2ms | ActiveRecord: 0.2ms | Allocations: 1699)


Started GET "/todos" for ::1 at 2021-11-19 22:01:42 -0300
Processing by TodosController#index as */*
  [1m[36mTodo Load (0.1ms)[0m  [1m[34mSELECT "todos".* FROM "todos"[0m
  ↳ app/controllers/todos_controller.rb:8:in `index'
Completed 200 OK in 4ms (Views: 3.3ms | ActiveRecord: 0.1ms | Allocations: 1680)


Started GET "/todos" for ::1 at 2021-11-19 22:01:44 -0300
Processing by TodosController#index as */*
  [1m[36mTodo Load (0.3ms)[0m  [1m[34mSELECT "todos".* FROM "todos"[0m
  ↳ app/controllers/todos_controller.rb:8:in `index'
Completed 200 OK in 9ms (Views: 7.7ms | ActiveRecord: 0.3ms | Allocations: 1697)


Started GET "/todos" for ::1 at 2021-11-19 22:01:50 -0300
Processing by TodosController#index as */*
  [1m[36mTodo Load (0.1ms)[0m  [1m[34mSELECT "todos".* FROM "todos"[0m
  ↳ app/controllers/todos_controller.rb:8:in `index'
Completed 200 OK in 4ms (Views: 3.7ms | ActiveRecord: 0.1ms | Allocations: 1680)


Started GET "/todos" for ::1 at 2021-11-19 22:01:53 -0300
Processing by TodosController#index as */*
  [1m[36mTodo Load (0.2ms)[0m  [1m[34mSELECT "todos".* FROM "todos"[0m
  ↳ app/controllers/todos_controller.rb:8:in `index'
Completed 200 OK in 5ms (Views: 4.3ms | ActiveRecord: 0.2ms | Allocations: 1680)


Started GET "/todos" for ::1 at 2021-11-19 22:02:00 -0300
Processing by TodosController#index as */*
  [1m[36mTodo Load (0.2ms)[0m  [1m[34mSELECT "todos".* FROM "todos"[0m
  ↳ app/controllers/todos_controller.rb:8:in `index'
Completed 200 OK in 6ms (Views: 5.3ms | ActiveRecord: 0.2ms | Allocations: 1680)


Started GET "/todos" for ::1 at 2021-11-19 22:02:07 -0300
Processing by TodosController#index as */*
  [1m[36mTodo Load (0.3ms)[0m  [1m[34mSELECT "todos".* FROM "todos"[0m
  ↳ app/controllers/todos_controller.rb:8:in `index'
Completed 200 OK in 5ms (Views: 4.3ms | ActiveRecord: 0.3ms | Allocations: 1680)


Started GET "/todos" for ::1 at 2021-11-19 22:02:10 -0300
Processing by TodosController#index as */*
  [1m[36mTodo Load (0.2ms)[0m  [1m[34mSELECT "todos".* FROM "todos"[0m
  ↳ app/controllers/todos_controller.rb:8:in `index'
Completed 200 OK in 4ms (Views: 3.7ms | ActiveRecord: 0.2ms | Allocations: 1680)


Started GET "/todos" for ::1 at 2021-11-19 22:02:14 -0300
Processing by TodosController#index as */*
  [1m[36mTodo Load (0.1ms)[0m  [1m[34mSELECT "todos".* FROM "todos"[0m
  ↳ app/controllers/todos_controller.rb:8:in `index'
Completed 200 OK in 3ms (Views: 2.8ms | ActiveRecord: 0.1ms | Allocations: 1680)


Started GET "/todos" for ::1 at 2021-11-19 22:02:18 -0300
Processing by TodosController#index as */*
  [1m[36mTodo Load (0.2ms)[0m  [1m[34mSELECT "todos".* FROM "todos"[0m
  ↳ app/controllers/todos_controller.rb:8:in `index'
Completed 200 OK in 4ms (Views: 3.9ms | ActiveRecord: 0.2ms | Allocations: 1680)


Started GET "/todos" for ::1 at 2021-11-19 22:02:27 -0300
Processing by TodosController#index as */*
  [1m[36mTodo Load (0.1ms)[0m  [1m[34mSELECT "todos".* FROM "todos"[0m
  ↳ app/controllers/todos_controller.rb:8:in `index'
Completed 200 OK in 3ms (Views: 3.0ms | ActiveRecord: 0.1ms | Allocations: 1680)


Started POST "/todos" for ::1 at 2021-11-19 22:02:33 -0300
Processing by TodosController#create as HTML
  Parameters: {"todo"=>{"task"=>"Example"}}
  [1m[36mTRANSACTION (0.1ms)[0m  [1m[36mbegin transaction[0m
  ↳ app/controllers/todos_controller.rb:20:in `create'
  [1m[36mTodo Create (33.6ms)[0m  [1m[32mINSERT INTO "todos" ("task", "created_at", "updated_at") VALUES (?, ?, ?)[0m  [["task", "Example"], ["created_at", "2021-11-20 01:02:33.789059"], ["updated_at", "2021-11-20 01:02:33.789059"]]
  ↳ app/controllers/todos_controller.rb:20:in `create'
  [1m[36mTRANSACTION (112.1ms)[0m  [1m[36mcommit transaction[0m
  ↳ app/controllers/todos_controller.rb:20:in `create'
Completed 201 Created in 153ms (Views: 0.6ms | ActiveRecord: 145.8ms | Allocations: 4258)


Started GET "/todos" for ::1 at 2021-11-19 22:02:38 -0300
Processing by TodosController#index as HTML
  [1m[36mTodo Load (0.2ms)[0m  [1m[34mSELECT "todos".* FROM "todos"[0m
  ↳ app/controllers/todos_controller.rb:8:in `index'
Completed 200 OK in 5ms (Views: 4.2ms | ActiveRecord: 0.2ms | Allocations: 1773)


Started GET "/todos" for ::1 at 2021-11-19 22:03:16 -0300
Processing by TodosController#index as */*
  [1m[36mTodo Load (0.1ms)[0m  [1m[34mSELECT "todos".* FROM "todos"[0m
  ↳ app/controllers/todos_controller.rb:8:in `index'
Completed 200 OK in 4ms (Views: 3.3ms | ActiveRecord: 0.1ms | Allocations: 1778)


Started POST "/todos" for ::1 at 2021-11-19 22:04:05 -0300
Processing by TodosController#create as HTML
  Parameters: {"todo"=>{"task"=>"Create a new post for instagram"}}
  [1m[36mTRANSACTION (0.1ms)[0m  [1m[36mbegin transaction[0m
  ↳ app/controllers/todos_controller.rb:20:in `create'
  [1m[36mTodo Create (0.5ms)[0m  [1m[32mINSERT INTO "todos" ("task", "created_at", "updated_at") VALUES (?, ?, ?)[0m  [["task", "Create a new post for instagram"], ["created_at", "2021-11-20 01:04:05.463701"], ["updated_at", "2021-11-20 01:04:05.463701"]]
  ↳ app/controllers/todos_controller.rb:20:in `create'
  [1m[36mTRANSACTION (530.1ms)[0m  [1m[36mcommit transaction[0m
  ↳ app/controllers/todos_controller.rb:20:in `create'
Started POST "/todos" for ::1 at 2021-11-19 22:04:06 -0300
Completed 201 Created in 547ms (Views: 1.5ms | ActiveRecord: 530.7ms | Allocations: 4284)


Processing by TodosController#create as HTML
  Parameters: {"todo"=>{"task"=>"Create a new post for instagram"}}
  [1m[36mTRANSACTION (0.1ms)[0m  [1m[36mbegin transaction[0m
  ↳ app/controllers/todos_controller.rb:20:in `create'
  [1m[36mTodo Create (0.3ms)[0m  [1m[32mINSERT INTO "todos" ("task", "created_at", "updated_at") VALUES (?, ?, ?)[0m  [["task", "Create a new post for instagram"], ["created_at", "2021-11-20 01:04:06.043835"], ["updated_at", "2021-11-20 01:04:06.043835"]]
  ↳ app/controllers/todos_controller.rb:20:in `create'
  [1m[36mTRANSACTION (253.4ms)[0m  [1m[36mcommit transaction[0m
  ↳ app/controllers/todos_controller.rb:20:in `create'
Completed 201 Created in 266ms (Views: 1.4ms | ActiveRecord: 253.7ms | Allocations: 4152)


Started GET "/todos" for ::1 at 2021-11-19 22:04:11 -0300
Processing by TodosController#index as */*
  [1m[36mTodo Load (0.2ms)[0m  [1m[34mSELECT "todos".* FROM "todos"[0m
  ↳ app/controllers/todos_controller.rb:8:in `index'
Completed 200 OK in 5ms (Views: 4.9ms | ActiveRecord: 0.2ms | Allocations: 1976)


Started GET "/todos" for ::1 at 2021-11-19 22:04:18 -0300
Processing by TodosController#index as */*
  [1m[36mTodo Load (0.2ms)[0m  [1m[34mSELECT "todos".* FROM "todos"[0m
  ↳ app/controllers/todos_controller.rb:8:in `index'
Completed 200 OK in 6ms (Views: 4.8ms | ActiveRecord: 0.2ms | Allocations: 1976)


Started GET "/todos" for ::1 at 2021-11-19 22:04:45 -0300
Processing by TodosController#index as */*
  [1m[36mTodo Load (0.2ms)[0m  [1m[34mSELECT "todos".* FROM "todos"[0m
  ↳ app/controllers/todos_controller.rb:8:in `index'
Completed 200 OK in 4ms (Views: 3.9ms | ActiveRecord: 0.2ms | Allocations: 1976)


Started GET "/todos" for ::1 at 2021-11-19 22:04:46 -0300
Processing by TodosController#index as */*
  [1m[36mTodo Load (0.2ms)[0m  [1m[34mSELECT "todos".* FROM "todos"[0m
  ↳ app/controllers/todos_controller.rb:8:in `index'
Completed 200 OK in 4ms (Views: 3.8ms | ActiveRecord: 0.2ms | Allocations: 1976)


Started GET "/todos" for ::1 at 2021-11-19 22:04:52 -0300
Processing by TodosController#index as */*
  [1m[36mTodo Load (0.1ms)[0m  [1m[34mSELECT "todos".* FROM "todos"[0m
  ↳ app/controllers/todos_controller.rb:8:in `index'
Completed 200 OK in 23ms (Views: 10.1ms | ActiveRecord: 0.1ms | Allocations: 1978)


Started GET "/todos" for ::1 at 2021-11-19 22:05:02 -0300
Processing by TodosController#index as */*
  [1m[36mTodo Load (0.1ms)[0m  [1m[34mSELECT "todos".* FROM "todos"[0m
  ↳ app/controllers/todos_controller.rb:8:in `index'
Completed 200 OK in 3ms (Views: 2.8ms | ActiveRecord: 0.1ms | Allocations: 1976)


Started GET "/todos" for ::1 at 2021-11-19 22:05:05 -0300
Processing by TodosController#index as */*
  [1m[36mTodo Load (0.1ms)[0m  [1m[34mSELECT "todos".* FROM "todos"[0m
  ↳ app/controllers/todos_controller.rb:8:in `index'
Completed 200 OK in 6ms (Views: 5.1ms | ActiveRecord: 0.1ms | Allocations: 1976)


Started GET "/todos" for ::1 at 2021-11-19 22:05:07 -0300
Processing by TodosController#index as */*
  [1m[36mTodo Load (0.1ms)[0m  [1m[34mSELECT "todos".* FROM "todos"[0m
  ↳ app/controllers/todos_controller.rb:8:in `index'
Completed 200 OK in 4ms (Views: 3.6ms | ActiveRecord: 0.1ms | Allocations: 1976)


Started GET "/todos" for ::1 at 2021-11-19 22:05:11 -0300
Processing by TodosController#index as */*
  [1m[36mTodo Load (0.1ms)[0m  [1m[34mSELECT "todos".* FROM "todos"[0m
  ↳ app/controllers/todos_controller.rb:8:in `index'
Completed 200 OK in 3ms (Views: 3.0ms | ActiveRecord: 0.1ms | Allocations: 1976)


Started GET "/todos" for ::1 at 2021-11-19 22:05:12 -0300
Processing by TodosController#index as */*
  [1m[36mTodo Load (0.1ms)[0m  [1m[34mSELECT "todos".* FROM "todos"[0m
  ↳ app/controllers/todos_controller.rb:8:in `index'
Completed 200 OK in 5ms (Views: 4.5ms | ActiveRecord: 0.1ms | Allocations: 1976)


Started GET "/todos" for ::1 at 2021-11-19 22:05:49 -0300
Processing by TodosController#index as */*
  [1m[36mTodo Load (0.1ms)[0m  [1m[34mSELECT "todos".* FROM "todos"[0m
  ↳ app/controllers/todos_controller.rb:8:in `index'
Completed 200 OK in 4ms (Views: 3.2ms | ActiveRecord: 0.1ms | Allocations: 1976)


Started GET "/todos" for ::1 at 2021-11-19 22:05:53 -0300
Processing by TodosController#index as */*
  [1m[36mTodo Load (0.1ms)[0m  [1m[34mSELECT "todos".* FROM "todos"[0m
  ↳ app/controllers/todos_controller.rb:8:in `index'
Completed 200 OK in 3ms (Views: 3.0ms | ActiveRecord: 0.1ms | Allocations: 1977)


Started GET "/todos" for ::1 at 2021-11-19 22:06:02 -0300
Processing by TodosController#index as */*
  [1m[36mTodo Load (0.2ms)[0m  [1m[34mSELECT "todos".* FROM "todos"[0m
  ↳ app/controllers/todos_controller.rb:8:in `index'
Completed 200 OK in 4ms (Views: 3.2ms | ActiveRecord: 0.2ms | Allocations: 1976)


Started GET "/todos" for ::1 at 2021-11-19 22:06:06 -0300
Processing by TodosController#index as */*
  [1m[36mTodo Load (0.3ms)[0m  [1m[34mSELECT "todos".* FROM "todos"[0m
  ↳ app/controllers/todos_controller.rb:8:in `index'
Completed 200 OK in 6ms (Views: 4.8ms | ActiveRecord: 0.3ms | Allocations: 1976)


Started GET "/todos" for ::1 at 2021-11-19 22:06:13 -0300
Processing by TodosController#index as */*
  [1m[36mTodo Load (0.1ms)[0m  [1m[34mSELECT "todos".* FROM "todos"[0m
  ↳ app/controllers/todos_controller.rb:8:in `index'
Completed 200 OK in 4ms (Views: 3.2ms | ActiveRecord: 0.1ms | Allocations: 1976)


Started GET "/todos" for ::1 at 2021-11-19 22:06:16 -0300
Processing by TodosController#index as */*
  [1m[36mTodo Load (0.3ms)[0m  [1m[34mSELECT "todos".* FROM "todos"[0m
  ↳ app/controllers/todos_controller.rb:8:in `index'
Completed 200 OK in 8ms (Views: 7.2ms | ActiveRecord: 0.3ms | Allocations: 1976)


Started GET "/todos" for ::1 at 2021-11-19 22:06:18 -0300
Processing by TodosController#index as */*
  [1m[36mTodo Load (0.2ms)[0m  [1m[34mSELECT "todos".* FROM "todos"[0m
  ↳ app/controllers/todos_controller.rb:8:in `index'
Completed 200 OK in 8ms (Views: 7.7ms | ActiveRecord: 0.2ms | Allocations: 1976)


Started GET "/todos" for ::1 at 2021-11-19 22:06:21 -0300
Processing by TodosController#index as */*
  [1m[36mTodo Load (0.2ms)[0m  [1m[34mSELECT "todos".* FROM "todos"[0m
  ↳ app/controllers/todos_controller.rb:8:in `index'
Completed 200 OK in 7ms (Views: 6.3ms | ActiveRecord: 0.2ms | Allocations: 1976)


Started GET "/todos" for ::1 at 2021-11-19 22:06:23 -0300
Processing by TodosController#index as */*
  [1m[36mTodo Load (0.1ms)[0m  [1m[34mSELECT "todos".* FROM "todos"[0m
  ↳ app/controllers/todos_controller.rb:8:in `index'
Completed 200 OK in 5ms (Views: 4.2ms | ActiveRecord: 0.1ms | Allocations: 1976)


Started GET "/todos" for ::1 at 2021-11-19 22:07:21 -0300
Processing by TodosController#index as */*
  [1m[36mTodo Load (0.1ms)[0m  [1m[34mSELECT "todos".* FROM "todos"[0m
  ↳ app/controllers/todos_controller.rb:8:in `index'
Completed 200 OK in 6ms (Views: 5.0ms | ActiveRecord: 0.1ms | Allocations: 1976)


Started GET "/todos" for ::1 at 2021-11-19 22:07:39 -0300
Processing by TodosController#index as */*
  [1m[36mTodo Load (0.2ms)[0m  [1m[34mSELECT "todos".* FROM "todos"[0m
  ↳ app/controllers/todos_controller.rb:8:in `index'
Completed 200 OK in 5ms (Views: 4.0ms | ActiveRecord: 0.2ms | Allocations: 1976)


Started GET "/todos" for ::1 at 2021-11-19 22:08:02 -0300
Processing by TodosController#index as */*
  [1m[36mTodo Load (0.2ms)[0m  [1m[34mSELECT "todos".* FROM "todos"[0m
  ↳ app/controllers/todos_controller.rb:8:in `index'
Completed 200 OK in 5ms (Views: 4.3ms | ActiveRecord: 0.2ms | Allocations: 1976)


Started GET "/todos" for ::1 at 2021-11-19 22:08:05 -0300
Processing by TodosController#index as */*
  [1m[36mTodo Load (0.2ms)[0m  [1m[34mSELECT "todos".* FROM "todos"[0m
  ↳ app/controllers/todos_controller.rb:8:in `index'
Completed 200 OK in 4ms (Views: 3.9ms | ActiveRecord: 0.2ms | Allocations: 1976)


Started GET "/todos" for ::1 at 2021-11-19 22:08:09 -0300
Processing by TodosController#index as */*
  [1m[36mTodo Load (0.1ms)[0m  [1m[34mSELECT "todos".* FROM "todos"[0m
  ↳ app/controllers/todos_controller.rb:8:in `index'
Completed 200 OK in 41ms (Views: 40.0ms | ActiveRecord: 0.1ms | Allocations: 1976)


Started GET "/todos" for ::1 at 2021-11-19 22:08:13 -0300
Processing by TodosController#index as */*
  [1m[36mTodo Load (0.1ms)[0m  [1m[34mSELECT "todos".* FROM "todos"[0m
  ↳ app/controllers/todos_controller.rb:8:in `index'
Completed 200 OK in 6ms (Views: 5.2ms | ActiveRecord: 0.1ms | Allocations: 1976)


Started GET "/todos" for ::1 at 2021-11-19 22:08:22 -0300
Processing by TodosController#index as */*
  [1m[36mTodo Load (0.2ms)[0m  [1m[34mSELECT "todos".* FROM "todos"[0m
  ↳ app/controllers/todos_controller.rb:8:in `index'
Completed 200 OK in 4ms (Views: 3.8ms | ActiveRecord: 0.2ms | Allocations: 1976)


Started GET "/todos" for ::1 at 2021-11-19 22:08:26 -0300
Processing by TodosController#index as */*
  [1m[36mTodo Load (0.2ms)[0m  [1m[34mSELECT "todos".* FROM "todos"[0m
  ↳ app/controllers/todos_controller.rb:8:in `index'
Completed 200 OK in 3ms (Views: 2.9ms | ActiveRecord: 0.2ms | Allocations: 1976)


Started GET "/todos" for ::1 at 2021-11-19 22:08:31 -0300
Processing by TodosController#index as */*
  [1m[36mTodo Load (0.2ms)[0m  [1m[34mSELECT "todos".* FROM "todos"[0m
  ↳ app/controllers/todos_controller.rb:8:in `index'
Completed 200 OK in 4ms (Views: 3.0ms | ActiveRecord: 0.2ms | Allocations: 1976)


Started GET "/todos" for ::1 at 2021-11-19 22:08:38 -0300
Processing by TodosController#index as */*
  [1m[36mTodo Load (0.1ms)[0m  [1m[34mSELECT "todos".* FROM "todos"[0m
  ↳ app/controllers/todos_controller.rb:8:in `index'
Completed 200 OK in 3ms (Views: 2.4ms | ActiveRecord: 0.1ms | Allocations: 1976)


Started GET "/todos" for ::1 at 2021-11-19 22:08:40 -0300
Processing by TodosController#index as */*
  [1m[36mTodo Load (0.1ms)[0m  [1m[34mSELECT "todos".* FROM "todos"[0m
  ↳ app/controllers/todos_controller.rb:8:in `index'
Completed 200 OK in 5ms (Views: 4.0ms | ActiveRecord: 0.1ms | Allocations: 1977)


Started GET "/todos" for ::1 at 2021-11-19 22:08:42 -0300
Processing by TodosController#index as */*
  [1m[36mTodo Load (0.2ms)[0m  [1m[34mSELECT "todos".* FROM "todos"[0m
  ↳ app/controllers/todos_controller.rb:8:in `index'
Completed 200 OK in 5ms (Views: 4.0ms | ActiveRecord: 0.2ms | Allocations: 1976)


Started GET "/todos" for ::1 at 2021-11-19 22:08:52 -0300
Processing by TodosController#index as */*
  [1m[36mTodo Load (0.2ms)[0m  [1m[34mSELECT "todos".* FROM "todos"[0m
  ↳ app/controllers/todos_controller.rb:8:in `index'
Completed 200 OK in 5ms (Views: 4.7ms | ActiveRecord: 0.2ms | Allocations: 1976)


Started GET "/todos" for ::1 at 2021-11-19 22:08:56 -0300
Processing by TodosController#index as */*
  [1m[36mTodo Load (0.2ms)[0m  [1m[34mSELECT "todos".* FROM "todos"[0m
  ↳ app/controllers/todos_controller.rb:8:in `index'
Completed 200 OK in 6ms (Views: 5.2ms | ActiveRecord: 0.2ms | Allocations: 1976)


Started GET "/todos" for ::1 at 2021-11-19 22:08:58 -0300
Processing by TodosController#index as */*
  [1m[36mTodo Load (0.2ms)[0m  [1m[34mSELECT "todos".* FROM "todos"[0m
  ↳ app/controllers/todos_controller.rb:8:in `index'
Completed 200 OK in 7ms (Views: 6.7ms | ActiveRecord: 0.2ms | Allocations: 1976)


Started GET "/todos" for ::1 at 2021-11-19 22:09:00 -0300
Processing by TodosController#index as */*
  [1m[36mTodo Load (0.3ms)[0m  [1m[34mSELECT "todos".* FROM "todos"[0m
  ↳ app/controllers/todos_controller.rb:8:in `index'
Completed 200 OK in 7ms (Views: 5.8ms | ActiveRecord: 0.3ms | Allocations: 1976)


Started GET "/todos" for ::1 at 2021-11-19 22:09:02 -0300
Processing by TodosController#index as */*
  [1m[36mTodo Load (0.2ms)[0m  [1m[34mSELECT "todos".* FROM "todos"[0m
  ↳ app/controllers/todos_controller.rb:8:in `index'
Completed 200 OK in 6ms (Views: 5.5ms | ActiveRecord: 0.2ms | Allocations: 1976)


Started GET "/todos" for ::1 at 2021-11-19 22:09:10 -0300
Processing by TodosController#index as */*
  [1m[36mTodo Load (0.1ms)[0m  [1m[34mSELECT "todos".* FROM "todos"[0m
  ↳ app/controllers/todos_controller.rb:8:in `index'
Completed 200 OK in 4ms (Views: 4.0ms | ActiveRecord: 0.1ms | Allocations: 1976)


Started GET "/todos" for ::1 at 2021-11-19 22:09:13 -0300
Processing by TodosController#index as */*
  [1m[36mTodo Load (0.1ms)[0m  [1m[34mSELECT "todos".* FROM "todos"[0m
  ↳ app/controllers/todos_controller.rb:8:in `index'
Completed 200 OK in 4ms (Views: 3.4ms | ActiveRecord: 0.1ms | Allocations: 1976)


Started GET "/todos" for ::1 at 2021-11-19 22:09:16 -0300
Processing by TodosController#index as */*
  [1m[36mTodo Load (0.2ms)[0m  [1m[34mSELECT "todos".* FROM "todos"[0m
  ↳ app/controllers/todos_controller.rb:8:in `index'
Completed 200 OK in 5ms (Views: 4.5ms | ActiveRecord: 0.2ms | Allocations: 1976)


Started GET "/todos" for ::1 at 2021-11-19 22:09:19 -0300
Processing by TodosController#index as */*
  [1m[36mTodo Load (0.2ms)[0m  [1m[34mSELECT "todos".* FROM "todos"[0m
  ↳ app/controllers/todos_controller.rb:8:in `index'
Completed 200 OK in 4ms (Views: 3.2ms | ActiveRecord: 0.2ms | Allocations: 1976)


Started GET "/todos" for ::1 at 2021-11-19 22:09:29 -0300
Processing by TodosController#index as */*
  [1m[36mTodo Load (0.1ms)[0m  [1m[34mSELECT "todos".* FROM "todos"[0m
  ↳ app/controllers/todos_controller.rb:8:in `index'
Completed 200 OK in 4ms (Views: 3.5ms | ActiveRecord: 0.1ms | Allocations: 1976)


Started GET "/todos" for ::1 at 2021-11-19 22:09:43 -0300
Processing by TodosController#index as */*
  [1m[36mTodo Load (0.2ms)[0m  [1m[34mSELECT "todos".* FROM "todos"[0m
  ↳ app/controllers/todos_controller.rb:8:in `index'
Completed 200 OK in 15ms (Views: 14.7ms | ActiveRecord: 0.2ms | Allocations: 1977)


Started GET "/todos" for ::1 at 2021-11-19 22:09:45 -0300
Processing by TodosController#index as */*
  [1m[36mTodo Load (0.2ms)[0m  [1m[34mSELECT "todos".* FROM "todos"[0m
  ↳ app/controllers/todos_controller.rb:8:in `index'
Completed 200 OK in 7ms (Views: 5.9ms | ActiveRecord: 0.2ms | Allocations: 1976)


Started GET "/todos" for ::1 at 2021-11-19 22:09:48 -0300
Processing by TodosController#index as */*
  [1m[36mTodo Load (0.2ms)[0m  [1m[34mSELECT "todos".* FROM "todos"[0m
  ↳ app/controllers/todos_controller.rb:8:in `index'
Completed 200 OK in 7ms (Views: 6.0ms | ActiveRecord: 0.2ms | Allocations: 1977)


Started GET "/todos" for ::1 at 2021-11-19 22:09:56 -0300
Processing by TodosController#index as */*
  [1m[36mTodo Load (0.3ms)[0m  [1m[34mSELECT "todos".* FROM "todos"[0m
  ↳ app/controllers/todos_controller.rb:8:in `index'
Completed 200 OK in 9ms (Views: 8.2ms | ActiveRecord: 0.3ms | Allocations: 1976)


Started GET "/todos" for ::1 at 2021-11-19 22:09:58 -0300
Processing by TodosController#index as */*
  [1m[36mTodo Load (0.3ms)[0m  [1m[34mSELECT "todos".* FROM "todos"[0m
  ↳ app/controllers/todos_controller.rb:8:in `index'
Completed 200 OK in 10ms (Views: 9.1ms | ActiveRecord: 0.3ms | Allocations: 1976)


Started GET "/todos" for ::1 at 2021-11-19 22:10:04 -0300
Processing by TodosController#index as */*
  [1m[36mTodo Load (0.2ms)[0m  [1m[34mSELECT "todos".* FROM "todos"[0m
  ↳ app/controllers/todos_controller.rb:8:in `index'
Completed 200 OK in 4ms (Views: 3.2ms | ActiveRecord: 0.2ms | Allocations: 1976)


Started GET "/todos" for ::1 at 2021-11-19 22:10:07 -0300
Processing by TodosController#index as */*
  [1m[36mTodo Load (0.2ms)[0m  [1m[34mSELECT "todos".* FROM "todos"[0m
  ↳ app/controllers/todos_controller.rb:8:in `index'
Completed 200 OK in 4ms (Views: 3.1ms | ActiveRecord: 0.2ms | Allocations: 1976)


Started GET "/todos" for ::1 at 2021-11-19 22:10:09 -0300
Processing by TodosController#index as */*
  [1m[36mTodo Load (0.2ms)[0m  [1m[34mSELECT "todos".* FROM "todos"[0m
  ↳ app/controllers/todos_controller.rb:8:in `index'
Completed 200 OK in 4ms (Views: 3.9ms | ActiveRecord: 0.2ms | Allocations: 1976)


Started GET "/todos" for ::1 at 2021-11-19 22:10:11 -0300
Processing by TodosController#index as */*
  [1m[36mTodo Load (0.2ms)[0m  [1m[34mSELECT "todos".* FROM "todos"[0m
  ↳ app/controllers/todos_controller.rb:8:in `index'
Completed 200 OK in 4ms (Views: 3.6ms | ActiveRecord: 0.2ms | Allocations: 1976)


Started GET "/todos" for ::1 at 2021-11-19 22:10:16 -0300
Processing by TodosController#index as */*
  [1m[36mTodo Load (0.3ms)[0m  [1m[34mSELECT "todos".* FROM "todos"[0m
  ↳ app/controllers/todos_controller.rb:8:in `index'
Completed 200 OK in 7ms (Views: 6.2ms | ActiveRecord: 0.3ms | Allocations: 1977)


Started GET "/todos" for ::1 at 2021-11-19 22:10:18 -0300
Processing by TodosController#index as */*
  [1m[36mTodo Load (0.2ms)[0m  [1m[34mSELECT "todos".* FROM "todos"[0m
  ↳ app/controllers/todos_controller.rb:8:in `index'
Completed 200 OK in 7ms (Views: 6.2ms | ActiveRecord: 0.2ms | Allocations: 1976)


Started GET "/todos" for ::1 at 2021-11-19 22:10:22 -0300
Processing by TodosController#index as */*
  [1m[36mTodo Load (0.2ms)[0m  [1m[34mSELECT "todos".* FROM "todos"[0m
  ↳ app/controllers/todos_controller.rb:8:in `index'
Completed 200 OK in 4ms (Views: 3.1ms | ActiveRecord: 0.2ms | Allocations: 1976)


Started GET "/todos" for ::1 at 2021-11-19 22:10:28 -0300
Processing by TodosController#index as */*
  [1m[36mTodo Load (0.2ms)[0m  [1m[34mSELECT "todos".* FROM "todos"[0m
  ↳ app/controllers/todos_controller.rb:8:in `index'
Completed 200 OK in 8ms (Views: 7.0ms | ActiveRecord: 0.2ms | Allocations: 1976)


Started GET "/todos" for ::1 at 2021-11-19 22:10:32 -0300
Processing by TodosController#index as */*
  [1m[36mTodo Load (0.2ms)[0m  [1m[34mSELECT "todos".* FROM "todos"[0m
  ↳ app/controllers/todos_controller.rb:8:in `index'
Completed 200 OK in 5ms (Views: 4.3ms | ActiveRecord: 0.2ms | Allocations: 1976)


Started GET "/todos" for ::1 at 2021-11-19 22:10:38 -0300
Processing by TodosController#index as */*
  [1m[36mTodo Load (0.1ms)[0m  [1m[34mSELECT "todos".* FROM "todos"[0m
  ↳ app/controllers/todos_controller.rb:8:in `index'
Completed 200 OK in 3ms (Views: 3.0ms | ActiveRecord: 0.1ms | Allocations: 1976)


Started GET "/todos" for ::1 at 2021-11-19 22:10:42 -0300
Processing by TodosController#index as */*
  [1m[36mTodo Load (0.2ms)[0m  [1m[34mSELECT "todos".* FROM "todos"[0m
  ↳ app/controllers/todos_controller.rb:8:in `index'
Completed 200 OK in 4ms (Views: 3.7ms | ActiveRecord: 0.2ms | Allocations: 1976)


Started GET "/todos" for ::1 at 2021-11-19 22:10:46 -0300
Processing by TodosController#index as */*
  [1m[36mTodo Load (0.1ms)[0m  [1m[34mSELECT "todos".* FROM "todos"[0m
  ↳ app/controllers/todos_controller.rb:8:in `index'
Completed 200 OK in 5ms (Views: 4.4ms | ActiveRecord: 0.1ms | Allocations: 1976)


Started GET "/todos" for ::1 at 2021-11-19 22:10:48 -0300
Processing by TodosController#index as */*
  [1m[36mTodo Load (0.1ms)[0m  [1m[34mSELECT "todos".* FROM "todos"[0m
  ↳ app/controllers/todos_controller.rb:8:in `index'
Completed 200 OK in 3ms (Views: 2.7ms | ActiveRecord: 0.1ms | Allocations: 1976)


Started GET "/todos" for ::1 at 2021-11-19 22:10:50 -0300
Processing by TodosController#index as */*
  [1m[36mTodo Load (0.1ms)[0m  [1m[34mSELECT "todos".* FROM "todos"[0m
  ↳ app/controllers/todos_controller.rb:8:in `index'
Completed 200 OK in 4ms (Views: 3.8ms | ActiveRecord: 0.1ms | Allocations: 1976)


Started GET "/todos" for ::1 at 2021-11-19 22:11:01 -0300
Processing by TodosController#index as */*
  [1m[36mTodo Load (0.1ms)[0m  [1m[34mSELECT "todos".* FROM "todos"[0m
  ↳ app/controllers/todos_controller.rb:8:in `index'
Completed 200 OK in 5ms (Views: 4.9ms | ActiveRecord: 0.1ms | Allocations: 1976)


Started GET "/todos" for ::1 at 2021-11-19 22:11:04 -0300
Processing by TodosController#index as */*
  [1m[36mTodo Load (0.4ms)[0m  [1m[34mSELECT "todos".* FROM "todos"[0m
  ↳ app/controllers/todos_controller.rb:8:in `index'
Completed 200 OK in 8ms (Views: 7.4ms | ActiveRecord: 0.4ms | Allocations: 1976)


Started GET "/todos" for ::1 at 2021-11-19 22:11:12 -0300
Processing by TodosController#index as */*
  [1m[36mTodo Load (0.2ms)[0m  [1m[34mSELECT "todos".* FROM "todos"[0m
  ↳ app/controllers/todos_controller.rb:8:in `index'
Completed 200 OK in 4ms (Views: 3.5ms | ActiveRecord: 0.2ms | Allocations: 1976)


Started GET "/todos" for ::1 at 2021-11-19 22:11:15 -0300
Processing by TodosController#index as */*
  [1m[36mTodo Load (0.2ms)[0m  [1m[34mSELECT "todos".* FROM "todos"[0m
  ↳ app/controllers/todos_controller.rb:8:in `index'
Completed 200 OK in 4ms (Views: 3.5ms | ActiveRecord: 0.2ms | Allocations: 1976)


Started GET "/todos" for ::1 at 2021-11-19 22:11:29 -0300
Processing by TodosController#index as */*
  [1m[36mTodo Load (0.3ms)[0m  [1m[34mSELECT "todos".* FROM "todos"[0m
  ↳ app/controllers/todos_controller.rb:8:in `index'
Completed 200 OK in 5ms (Views: 4.1ms | ActiveRecord: 0.3ms | Allocations: 1976)


Started GET "/todos" for ::1 at 2021-11-19 22:11:42 -0300
Processing by TodosController#index as */*
  [1m[36mTodo Load (0.2ms)[0m  [1m[34mSELECT "todos".* FROM "todos"[0m
  ↳ app/controllers/todos_controller.rb:8:in `index'
Completed 200 OK in 5ms (Views: 4.4ms | ActiveRecord: 0.2ms | Allocations: 1976)


Started GET "/todos" for ::1 at 2021-11-19 22:11:49 -0300
Processing by TodosController#index as */*
  [1m[36mTodo Load (0.1ms)[0m  [1m[34mSELECT "todos".* FROM "todos"[0m
  ↳ app/controllers/todos_controller.rb:8:in `index'
Completed 200 OK in 5ms (Views: 4.8ms | ActiveRecord: 0.1ms | Allocations: 1976)


Started GET "/todos" for ::1 at 2021-11-19 22:11:51 -0300
Processing by TodosController#index as */*
  [1m[36mTodo Load (0.3ms)[0m  [1m[34mSELECT "todos".* FROM "todos"[0m
  ↳ app/controllers/todos_controller.rb:8:in `index'
Completed 200 OK in 8ms (Views: 7.1ms | ActiveRecord: 0.3ms | Allocations: 1976)


Started GET "/todos" for ::1 at 2021-11-19 22:11:55 -0300
Processing by TodosController#index as */*
  [1m[36mTodo Load (0.3ms)[0m  [1m[34mSELECT "todos".* FROM "todos"[0m
  ↳ app/controllers/todos_controller.rb:8:in `index'
Completed 200 OK in 5ms (Views: 3.5ms | ActiveRecord: 0.3ms | Allocations: 1977)


Started GET "/todos" for ::1 at 2021-11-19 22:11:57 -0300
Processing by TodosController#index as */*
  [1m[36mTodo Load (0.2ms)[0m  [1m[34mSELECT "todos".* FROM "todos"[0m
  ↳ app/controllers/todos_controller.rb:8:in `index'
Completed 200 OK in 8ms (Views: 6.8ms | ActiveRecord: 0.2ms | Allocations: 1976)


Started GET "/todos" for ::1 at 2021-11-19 22:12:42 -0300
Processing by TodosController#index as */*
  [1m[36mTodo Load (0.2ms)[0m  [1m[34mSELECT "todos".* FROM "todos"[0m
  ↳ app/controllers/todos_controller.rb:8:in `index'
Completed 200 OK in 4ms (Views: 3.1ms | ActiveRecord: 0.2ms | Allocations: 1976)


Started GET "/todos" for ::1 at 2021-11-19 22:12:44 -0300
Processing by TodosController#index as */*
  [1m[36mTodo Load (0.2ms)[0m  [1m[34mSELECT "todos".* FROM "todos"[0m
  ↳ app/controllers/todos_controller.rb:8:in `index'
Completed 200 OK in 4ms (Views: 3.8ms | ActiveRecord: 0.2ms | Allocations: 1976)


Started GET "/todos" for ::1 at 2021-11-19 22:12:49 -0300
Processing by TodosController#index as */*
  [1m[36mTodo Load (0.1ms)[0m  [1m[34mSELECT "todos".* FROM "todos"[0m
  ↳ app/controllers/todos_controller.rb:8:in `index'
Completed 200 OK in 4ms (Views: 3.2ms | ActiveRecord: 0.1ms | Allocations: 1976)


Started GET "/todos" for ::1 at 2021-11-19 22:12:53 -0300
Processing by TodosController#index as */*
  [1m[36mTodo Load (0.3ms)[0m  [1m[34mSELECT "todos".* FROM "todos"[0m
  ↳ app/controllers/todos_controller.rb:8:in `index'
Completed 200 OK in 10ms (Views: 8.8ms | ActiveRecord: 0.3ms | Allocations: 1976)


Started GET "/todos" for ::1 at 2021-11-19 22:12:57 -0300
Processing by TodosController#index as */*
  [1m[36mTodo Load (0.4ms)[0m  [1m[34mSELECT "todos".* FROM "todos"[0m
  ↳ app/controllers/todos_controller.rb:8:in `index'
Completed 200 OK in 11ms (Views: 10.5ms | ActiveRecord: 0.4ms | Allocations: 1976)


Started GET "/todos" for ::1 at 2021-11-19 22:13:01 -0300
Processing by TodosController#index as */*
  [1m[36mTodo Load (0.1ms)[0m  [1m[34mSELECT "todos".* FROM "todos"[0m
  ↳ app/controllers/todos_controller.rb:8:in `index'
Completed 200 OK in 5ms (Views: 4.5ms | ActiveRecord: 0.1ms | Allocations: 1976)


Started GET "/todos" for ::1 at 2021-11-19 22:13:04 -0300
Processing by TodosController#index as */*
  [1m[36mTodo Load (0.4ms)[0m  [1m[34mSELECT "todos".* FROM "todos"[0m
  ↳ app/controllers/todos_controller.rb:8:in `index'
Completed 200 OK in 10ms (Views: 9.2ms | ActiveRecord: 0.4ms | Allocations: 1976)


Started GET "/todos" for ::1 at 2021-11-19 22:13:07 -0300
Processing by TodosController#index as */*
  [1m[36mTodo Load (0.4ms)[0m  [1m[34mSELECT "todos".* FROM "todos"[0m
  ↳ app/controllers/todos_controller.rb:8:in `index'
Completed 200 OK in 6ms (Views: 5.4ms | ActiveRecord: 0.4ms | Allocations: 1976)


Started GET "/todos" for ::1 at 2021-11-19 22:13:21 -0300
Processing by TodosController#index as */*
  [1m[36mTodo Load (0.1ms)[0m  [1m[34mSELECT "todos".* FROM "todos"[0m
  ↳ app/controllers/todos_controller.rb:8:in `index'
Completed 200 OK in 3ms (Views: 3.0ms | ActiveRecord: 0.1ms | Allocations: 1976)


Started GET "/todos" for ::1 at 2021-11-19 22:13:30 -0300
Processing by TodosController#index as */*
  [1m[36mTodo Load (0.2ms)[0m  [1m[34mSELECT "todos".* FROM "todos"[0m
  ↳ app/controllers/todos_controller.rb:8:in `index'
Completed 200 OK in 5ms (Views: 4.8ms | ActiveRecord: 0.2ms | Allocations: 1976)


Started GET "/todos" for ::1 at 2021-11-19 22:13:31 -0300
Processing by TodosController#index as */*
  [1m[36mTodo Load (0.2ms)[0m  [1m[34mSELECT "todos".* FROM "todos"[0m
  ↳ app/controllers/todos_controller.rb:8:in `index'
Completed 200 OK in 7ms (Views: 5.8ms | ActiveRecord: 0.2ms | Allocations: 1976)


Started GET "/todos" for ::1 at 2021-11-19 22:13:44 -0300
Processing by TodosController#index as */*
  [1m[36mTodo Load (0.3ms)[0m  [1m[34mSELECT "todos".* FROM "todos"[0m
  ↳ app/controllers/todos_controller.rb:8:in `index'
Completed 200 OK in 14ms (Views: 12.9ms | ActiveRecord: 0.3ms | Allocations: 1977)


Started GET "/todos" for ::1 at 2021-11-19 22:13:45 -0300
Processing by TodosController#index as */*
  [1m[36mTodo Load (0.7ms)[0m  [1m[34mSELECT "todos".* FROM "todos"[0m
  ↳ app/controllers/todos_controller.rb:8:in `index'
Completed 200 OK in 25ms (Views: 22.0ms | ActiveRecord: 0.7ms | Allocations: 1977)


Started GET "/todos" for ::1 at 2021-11-19 22:13:49 -0300
Processing by TodosController#index as */*
  [1m[36mTodo Load (0.2ms)[0m  [1m[34mSELECT "todos".* FROM "todos"[0m
  ↳ app/controllers/todos_controller.rb:8:in `index'
Completed 200 OK in 4ms (Views: 3.7ms | ActiveRecord: 0.2ms | Allocations: 1976)


Started GET "/todos" for ::1 at 2021-11-19 22:13:51 -0300
Processing by TodosController#index as */*
  [1m[36mTodo Load (0.4ms)[0m  [1m[34mSELECT "todos".* FROM "todos"[0m
  ↳ app/controllers/todos_controller.rb:8:in `index'
Completed 200 OK in 8ms (Views: 7.4ms | ActiveRecord: 0.4ms | Allocations: 1976)


Started GET "/todos" for ::1 at 2021-11-19 22:13:53 -0300
Processing by TodosController#index as */*
  [1m[36mTodo Load (0.1ms)[0m  [1m[34mSELECT "todos".* FROM "todos"[0m
  ↳ app/controllers/todos_controller.rb:8:in `index'
Completed 200 OK in 4ms (Views: 3.3ms | ActiveRecord: 0.1ms | Allocations: 1976)


Started GET "/todos" for ::1 at 2021-11-19 22:13:56 -0300
Processing by TodosController#index as */*
  [1m[36mTodo Load (0.2ms)[0m  [1m[34mSELECT "todos".* FROM "todos"[0m
  ↳ app/controllers/todos_controller.rb:8:in `index'
Completed 200 OK in 10ms (Views: 9.9ms | ActiveRecord: 0.2ms | Allocations: 1976)


Started GET "/todos" for ::1 at 2021-11-19 22:14:00 -0300
Processing by TodosController#index as */*
  [1m[36mTodo Load (0.2ms)[0m  [1m[34mSELECT "todos".* FROM "todos"[0m
  ↳ app/controllers/todos_controller.rb:8:in `index'
Completed 200 OK in 4ms (Views: 4.0ms | ActiveRecord: 0.2ms | Allocations: 1976)


Started POST "/todos" for ::1 at 2021-11-19 22:14:07 -0300
Processing by TodosController#create as */*
  Parameters: {"todo"=>{"task"=>"eat ice cream"}}
  [1m[36mTRANSACTION (0.2ms)[0m  [1m[36mbegin transaction[0m
  ↳ app/controllers/todos_controller.rb:20:in `create'
  [1m[36mTodo Create (22.9ms)[0m  [1m[32mINSERT INTO "todos" ("task", "created_at", "updated_at") VALUES (?, ?, ?)[0m  [["task", "eat ice cream"], ["created_at", "2021-11-20 01:14:09.458662"], ["updated_at", "2021-11-20 01:14:09.458662"]]
  ↳ app/controllers/todos_controller.rb:20:in `create'
  [1m[36mTRANSACTION (442.9ms)[0m  [1m[36mcommit transaction[0m
  ↳ app/controllers/todos_controller.rb:20:in `create'
Completed 201 Created in 480ms (Views: 1.0ms | ActiveRecord: 466.0ms | Allocations: 4005)


Started GET "/todos" for ::1 at 2021-11-19 22:14:33 -0300
Processing by TodosController#index as */*
  [1m[36mTodo Load (0.1ms)[0m  [1m[34mSELECT "todos".* FROM "todos"[0m
  ↳ app/controllers/todos_controller.rb:8:in `index'
Completed 200 OK in 4ms (Views: 3.3ms | ActiveRecord: 0.1ms | Allocations: 2074)


Started GET "/todos" for ::1 at 2021-11-19 22:14:34 -0300
Processing by TodosController#index as */*
  [1m[36mTodo Load (0.1ms)[0m  [1m[34mSELECT "todos".* FROM "todos"[0m
  ↳ app/controllers/todos_controller.rb:8:in `index'
Completed 200 OK in 3ms (Views: 2.9ms | ActiveRecord: 0.1ms | Allocations: 2074)


Started POST "/todos" for ::1 at 2021-11-19 22:14:45 -0300
Processing by TodosController#create as */*
  Parameters: {"todo"=>{"task"=>"eat pasta"}}
  [1m[36mTRANSACTION (0.2ms)[0m  [1m[36mbegin transaction[0m
  ↳ app/controllers/todos_controller.rb:20:in `create'
  [1m[36mTodo Create (0.8ms)[0m  [1m[32mINSERT INTO "todos" ("task", "created_at", "updated_at") VALUES (?, ?, ?)[0m  [["task", "eat pasta"], ["created_at", "2021-11-20 01:14:45.126398"], ["updated_at", "2021-11-20 01:14:45.126398"]]
  ↳ app/controllers/todos_controller.rb:20:in `create'
  [1m[36mTRANSACTION (105.4ms)[0m  [1m[36mcommit transaction[0m
  ↳ app/controllers/todos_controller.rb:20:in `create'
Completed 201 Created in 119ms (Views: 0.4ms | ActiveRecord: 106.4ms | Allocations: 4229)


Started GET "/todos" for ::1 at 2021-11-19 22:14:59 -0300
Processing by TodosController#index as */*
  [1m[36mTodo Load (0.2ms)[0m  [1m[34mSELECT "todos".* FROM "todos"[0m
  ↳ app/controllers/todos_controller.rb:8:in `index'
Completed 200 OK in 4ms (Views: 3.3ms | ActiveRecord: 0.2ms | Allocations: 2172)


Started POST "/todos" for ::1 at 2021-11-19 22:15:04 -0300
Processing by TodosController#create as */*
  Parameters: {"todo"=>{"task"=>"aaaaaaaa"}}
  [1m[36mTRANSACTION (0.2ms)[0m  [1m[36mbegin transaction[0m
  ↳ app/controllers/todos_controller.rb:20:in `create'
  [1m[36mTodo Create (0.9ms)[0m  [1m[32mINSERT INTO "todos" ("task", "created_at", "updated_at") VALUES (?, ?, ?)[0m  [["task", "aaaaaaaa"], ["created_at", "2021-11-20 01:15:04.285491"], ["updated_at", "2021-11-20 01:15:04.285491"]]
  ↳ app/controllers/todos_controller.rb:20:in `create'
  [1m[36mTRANSACTION (112.7ms)[0m  [1m[36mcommit transaction[0m
  ↳ app/controllers/todos_controller.rb:20:in `create'
Completed 201 Created in 129ms (Views: 1.5ms | ActiveRecord: 113.8ms | Allocations: 2567)


Started POST "/todos" for ::1 at 2021-11-19 22:15:14 -0300
Processing by TodosController#create as */*
  Parameters: {"todo"=>{"task"=>"asdfads"}}
  [1m[36mTRANSACTION (0.2ms)[0m  [1m[36mbegin transaction[0m
  ↳ app/controllers/todos_controller.rb:20:in `create'
  [1m[36mTodo Create (1.0ms)[0m  [1m[32mINSERT INTO "todos" ("task", "created_at", "updated_at") VALUES (?, ?, ?)[0m  [["task", "asdfads"], ["created_at", "2021-11-20 01:15:14.356495"], ["updated_at", "2021-11-20 01:15:14.356495"]]
  ↳ app/controllers/todos_controller.rb:20:in `create'
  [1m[36mTRANSACTION (106.8ms)[0m  [1m[36mcommit transaction[0m
  ↳ app/controllers/todos_controller.rb:20:in `create'
Completed 201 Created in 130ms (Views: 0.9ms | ActiveRecord: 108.1ms | Allocations: 4003)


Started GET "/todos" for ::1 at 2021-11-19 22:15:18 -0300
Processing by TodosController#index as */*
  [1m[36mTodo Load (0.2ms)[0m  [1m[34mSELECT "todos".* FROM "todos"[0m
  ↳ app/controllers/todos_controller.rb:8:in `index'
Completed 200 OK in 4ms (Views: 3.8ms | ActiveRecord: 0.2ms | Allocations: 2368)


Started GET "/todos" for ::1 at 2021-11-19 22:15:27 -0300
Processing by TodosController#index as */*
  [1m[36mTodo Load (0.2ms)[0m  [1m[34mSELECT "todos".* FROM "todos"[0m
  ↳ app/controllers/todos_controller.rb:8:in `index'
Completed 200 OK in 4ms (Views: 3.3ms | ActiveRecord: 0.2ms | Allocations: 2368)


Started GET "/todos" for ::1 at 2021-11-19 22:15:32 -0300
Processing by TodosController#index as */*
  [1m[36mTodo Load (0.1ms)[0m  [1m[34mSELECT "todos".* FROM "todos"[0m
  ↳ app/controllers/todos_controller.rb:8:in `index'
Completed 200 OK in 4ms (Views: 4.0ms | ActiveRecord: 0.1ms | Allocations: 2368)


Started GET "/todos" for ::1 at 2021-11-19 22:15:33 -0300
Processing by TodosController#index as */*
  [1m[36mTodo Load (0.2ms)[0m  [1m[34mSELECT "todos".* FROM "todos"[0m
  ↳ app/controllers/todos_controller.rb:8:in `index'
Completed 200 OK in 4ms (Views: 3.7ms | ActiveRecord: 0.2ms | Allocations: 2368)


Started POST "/todos" for ::1 at 2021-11-19 22:15:35 -0300
Processing by TodosController#create as */*
  Parameters: {"todo"=>{"task"=>"asdaf"}}
  [1m[36mTRANSACTION (0.1ms)[0m  [1m[36mbegin transaction[0m
  ↳ app/controllers/todos_controller.rb:20:in `create'
  [1m[36mTodo Create (0.6ms)[0m  [1m[32mINSERT INTO "todos" ("task", "created_at", "updated_at") VALUES (?, ?, ?)[0m  [["task", "asdaf"], ["created_at", "2021-11-20 01:15:35.893746"], ["updated_at", "2021-11-20 01:15:35.893746"]]
  ↳ app/controllers/todos_controller.rb:20:in `create'
  [1m[36mTRANSACTION (131.7ms)[0m  [1m[36mcommit transaction[0m
  ↳ app/controllers/todos_controller.rb:20:in `create'
Completed 201 Created in 149ms (Views: 1.4ms | ActiveRecord: 132.5ms | Allocations: 3998)


Started GET "/todos" for ::1 at 2021-11-19 22:15:43 -0300
Processing by TodosController#index as */*
  [1m[36mTodo Load (0.1ms)[0m  [1m[34mSELECT "todos".* FROM "todos"[0m
  ↳ app/controllers/todos_controller.rb:8:in `index'
Completed 200 OK in 4ms (Views: 3.5ms | ActiveRecord: 0.1ms | Allocations: 2466)


Started POST "/todos" for ::1 at 2021-11-19 22:15:44 -0300
Processing by TodosController#create as */*
  Parameters: {"todo"=>{"task"=>"Example"}}
  [1m[36mTRANSACTION (0.1ms)[0m  [1m[36mbegin transaction[0m
  ↳ app/controllers/todos_controller.rb:20:in `create'
  [1m[36mTodo Create (0.4ms)[0m  [1m[32mINSERT INTO "todos" ("task", "created_at", "updated_at") VALUES (?, ?, ?)[0m  [["task", "Example"], ["created_at", "2021-11-20 01:15:44.313505"], ["updated_at", "2021-11-20 01:15:44.313505"]]
  ↳ app/controllers/todos_controller.rb:20:in `create'
  [1m[36mTRANSACTION (97.9ms)[0m  [1m[36mcommit transaction[0m
  ↳ app/controllers/todos_controller.rb:20:in `create'
Completed 201 Created in 106ms (Views: 0.4ms | ActiveRecord: 98.5ms | Allocations: 3886)


Started GET "/todos" for ::1 at 2021-11-19 22:19:34 -0300
Processing by TodosController#index as */*
  [1m[36mTodo Load (0.2ms)[0m  [1m[34mSELECT "todos".* FROM "todos"[0m
  ↳ app/controllers/todos_controller.rb:8:in `index'
Completed 200 OK in 6ms (Views: 4.5ms | ActiveRecord: 0.2ms | Allocations: 2564)


Started GET "/todos" for ::1 at 2021-11-19 22:19:36 -0300
Processing by TodosController#index as */*
  [1m[36mTodo Load (0.2ms)[0m  [1m[34mSELECT "todos".* FROM "todos"[0m
  ↳ app/controllers/todos_controller.rb:8:in `index'
Completed 200 OK in 8ms (Views: 6.9ms | ActiveRecord: 0.2ms | Allocations: 2564)


